[0.030s] Invoking command in '/home/juand/create_ws/build/create_description': CMAKE_PREFIX_PATH=${CMAKE_PREFIX_PATH}:/home/juand/turtlebot3_ws/install/turtlebot_itm:/home/juand/turtlebot3_ws/install/turtlebot3_teleop:/home/juand/turtlebot3_ws/install/turtlebot3_example:/home/juand/turtlebot3_ws/install/turtlebot3_autorace:/home/juand/turtlebot3_ws/install/turtlebot3_autorace_mission:/home/juand/turtlebot3_ws/install/turtlebot3_autorace_detect:/home/juand/turtlebot3_ws/install/turtlebot3_autorace_camera:/home/juand/create_ws/install/modelo_create:/opt/ros/humble /usr/bin/cmake /home/juand/create_ws/src/create_robot/create_description -DCMAKE_INSTALL_PREFIX=/home/juand/create_ws/install/create_description
[0.173s] -- The C compiler identification is GNU 11.4.0
[0.335s] -- The CXX compiler identification is GNU 11.4.0
[0.350s] -- Detecting C compiler ABI info
[0.477s] -- Detecting C compiler ABI info - done
[0.496s] -- Check for working C compiler: /usr/bin/cc - skipped
[0.496s] -- Detecting C compile features
[0.496s] -- Detecting C compile features - done
[0.501s] -- Detecting CXX compiler ABI info
[0.646s] -- Detecting CXX compiler ABI info - done
[0.664s] -- Check for working CXX compiler: /usr/bin/c++ - skipped
[0.664s] -- Detecting CXX compile features
[0.665s] -- Detecting CXX compile features - done
[0.672s] -- Found ament_cmake: 1.3.11 (/opt/ros/humble/share/ament_cmake/cmake)
[1.009s] -- Found Python3: /usr/bin/python3 (found version "3.10.12") found components: Interpreter 
[1.419s] -- Configuring done
[1.421s] -- Generating done
[1.425s] -- Build files have been written to: /home/juand/create_ws/build/create_description
[1.431s] Invoked command in '/home/juand/create_ws/build/create_description' returned '0': CMAKE_PREFIX_PATH=${CMAKE_PREFIX_PATH}:/home/juand/turtlebot3_ws/install/turtlebot_itm:/home/juand/turtlebot3_ws/install/turtlebot3_teleop:/home/juand/turtlebot3_ws/install/turtlebot3_example:/home/juand/turtlebot3_ws/install/turtlebot3_autorace:/home/juand/turtlebot3_ws/install/turtlebot3_autorace_mission:/home/juand/turtlebot3_ws/install/turtlebot3_autorace_detect:/home/juand/turtlebot3_ws/install/turtlebot3_autorace_camera:/home/juand/create_ws/install/modelo_create:/opt/ros/humble /usr/bin/cmake /home/juand/create_ws/src/create_robot/create_description -DCMAKE_INSTALL_PREFIX=/home/juand/create_ws/install/create_description
[1.435s] Invoking command in '/home/juand/create_ws/build/create_description': CMAKE_PREFIX_PATH=${CMAKE_PREFIX_PATH}:/home/juand/turtlebot3_ws/install/turtlebot_itm:/home/juand/turtlebot3_ws/install/turtlebot3_teleop:/home/juand/turtlebot3_ws/install/turtlebot3_example:/home/juand/turtlebot3_ws/install/turtlebot3_autorace:/home/juand/turtlebot3_ws/install/turtlebot3_autorace_mission:/home/juand/turtlebot3_ws/install/turtlebot3_autorace_detect:/home/juand/turtlebot3_ws/install/turtlebot3_autorace_camera:/home/juand/create_ws/install/modelo_create:/opt/ros/humble /usr/bin/cmake --build /home/juand/create_ws/build/create_description -- -j4 -l4
[1.536s] Invoked command in '/home/juand/create_ws/build/create_description' returned '0': CMAKE_PREFIX_PATH=${CMAKE_PREFIX_PATH}:/home/juand/turtlebot3_ws/install/turtlebot_itm:/home/juand/turtlebot3_ws/install/turtlebot3_teleop:/home/juand/turtlebot3_ws/install/turtlebot3_example:/home/juand/turtlebot3_ws/install/turtlebot3_autorace:/home/juand/turtlebot3_ws/install/turtlebot3_autorace_mission:/home/juand/turtlebot3_ws/install/turtlebot3_autorace_detect:/home/juand/turtlebot3_ws/install/turtlebot3_autorace_camera:/home/juand/create_ws/install/modelo_create:/opt/ros/humble /usr/bin/cmake --build /home/juand/create_ws/build/create_description -- -j4 -l4
[1.563s] Invoking command in '/home/juand/create_ws/build/create_description': CMAKE_PREFIX_PATH=${CMAKE_PREFIX_PATH}:/home/juand/turtlebot3_ws/install/turtlebot_itm:/home/juand/turtlebot3_ws/install/turtlebot3_teleop:/home/juand/turtlebot3_ws/install/turtlebot3_example:/home/juand/turtlebot3_ws/install/turtlebot3_autorace:/home/juand/turtlebot3_ws/install/turtlebot3_autorace_mission:/home/juand/turtlebot3_ws/install/turtlebot3_autorace_detect:/home/juand/turtlebot3_ws/install/turtlebot3_autorace_camera:/home/juand/create_ws/install/modelo_create:/opt/ros/humble /usr/bin/cmake --install /home/juand/create_ws/build/create_description
[1.588s] -- Install configuration: ""
[1.589s] -- Installing: /home/juand/create_ws/install/create_description/share/create_description/launch
[1.589s] -- Installing: /home/juand/create_ws/install/create_description/share/create_description/launch/roomba_400.launch
[1.592s] -- Installing: /home/juand/create_ws/install/create_description/share/create_description/launch/create_2.launch
[1.592s] -- Installing: /home/juand/create_ws/install/create_description/share/create_description/launch/create_1.launch
[1.593s] -- Installing: /home/juand/create_ws/install/create_description/share/create_description/meshes
[1.594s] -- Installing: /home/juand/create_ws/install/create_description/share/create_description/meshes/create_2.dae
[1.601s] -- Installing: /home/juand/create_ws/install/create_description/share/create_description/meshes/create_1.dae
[1.611s] -- Installing: /home/juand/create_ws/install/create_description/share/create_description/meshes/create_1.tga
[1.612s] -- Installing: /home/juand/create_ws/install/create_description/share/create_description/urdf
[1.612s] -- Installing: /home/juand/create_ws/install/create_description/share/create_description/urdf/create_1.urdf.xacro
[1.613s] -- Installing: /home/juand/create_ws/install/create_description/share/create_description/urdf/create_2_gazebo.urdf.xacro
[1.613s] -- Installing: /home/juand/create_ws/install/create_description/share/create_description/urdf/create_base_gazebo.urdf.xacro
[1.614s] -- Installing: /home/juand/create_ws/install/create_description/share/create_description/urdf/create_1_gazebo.urdf.xacro
[1.614s] -- Installing: /home/juand/create_ws/install/create_description/share/create_description/urdf/create_2.urdf.xacro
[1.617s] -- Installing: /home/juand/create_ws/install/create_description/share/create_description/urdf/create_base.urdf.xacro
[1.620s] -- Installing: /home/juand/create_ws/install/create_description/share/ament_index/resource_index/package_run_dependencies/create_description
[1.625s] -- Installing: /home/juand/create_ws/install/create_description/share/ament_index/resource_index/parent_prefix_path/create_description
[1.625s] -- Installing: /home/juand/create_ws/install/create_description/share/create_description/environment/ament_prefix_path.sh
[1.625s] -- Installing: /home/juand/create_ws/install/create_description/share/create_description/environment/ament_prefix_path.dsv
[1.625s] -- Installing: /home/juand/create_ws/install/create_description/share/create_description/environment/path.sh
[1.625s] -- Installing: /home/juand/create_ws/install/create_description/share/create_description/environment/path.dsv
[1.626s] -- Installing: /home/juand/create_ws/install/create_description/share/create_description/local_setup.bash
[1.628s] -- Installing: /home/juand/create_ws/install/create_description/share/create_description/local_setup.sh
[1.628s] -- Installing: /home/juand/create_ws/install/create_description/share/create_description/local_setup.zsh
[1.632s] -- Installing: /home/juand/create_ws/install/create_description/share/create_description/local_setup.dsv
[1.632s] -- Installing: /home/juand/create_ws/install/create_description/share/create_description/package.dsv
[1.632s] -- Installing: /home/juand/create_ws/install/create_description/share/ament_index/resource_index/packages/create_description
[1.632s] -- Installing: /home/juand/create_ws/install/create_description/share/create_description/cmake/create_descriptionConfig.cmake
[1.632s] -- Installing: /home/juand/create_ws/install/create_description/share/create_description/cmake/create_descriptionConfig-version.cmake
[1.632s] -- Installing: /home/juand/create_ws/install/create_description/share/create_description/package.xml
[1.639s] Invoked command in '/home/juand/create_ws/build/create_description' returned '0': CMAKE_PREFIX_PATH=${CMAKE_PREFIX_PATH}:/home/juand/turtlebot3_ws/install/turtlebot_itm:/home/juand/turtlebot3_ws/install/turtlebot3_teleop:/home/juand/turtlebot3_ws/install/turtlebot3_example:/home/juand/turtlebot3_ws/install/turtlebot3_autorace:/home/juand/turtlebot3_ws/install/turtlebot3_autorace_mission:/home/juand/turtlebot3_ws/install/turtlebot3_autorace_detect:/home/juand/turtlebot3_ws/install/turtlebot3_autorace_camera:/home/juand/create_ws/install/modelo_create:/opt/ros/humble /usr/bin/cmake --install /home/juand/create_ws/build/create_description
