[0.017s] Invoking command in '/home/juand/create_ws/build/create_driver': CMAKE_PREFIX_PATH=/home/juand/create_ws/install/libcreate:/home/juand/create_ws/install/create_msgs:/home/juand/turtlebot3_ws/install/turtlebot3:/home/juand/turtlebot3_ws/install/turtlebot3_simulations:/home/juand/turtlebot3_ws/install/turtlebot3_bringup:/home/juand/turtlebot3_ws/install/turtlebot3_node:/home/juand/turtlebot3_ws/install/turtlebot3_navigation2:/home/juand/turtlebot3_ws/install/turtlebot3_fake_node:/home/juand/turtlebot3_ws/install/turtlebot3_msgs:/home/juand/turtlebot3_ws/install/turtlebot3_gazebo:/home/juand/turtlebot3_ws/install/turtlebot3_description:/home/juand/turtlebot3_ws/install/turtlebot3_cartographer:/home/juand/turtlebot3_ws/install/dynamixel_sdk_examples:/home/juand/turtlebot3_ws/install/dynamixel_sdk_custom_interfaces:/home/juand/turtlebot3_ws/install/dynamixel_sdk:/home/juand/create_ws/install/rplidar_ros:/home/juand/create_ws/install/create_robot:/home/juand/create_ws/install/create_bringup:/home/juand/create_ws/install/create_driver:/home/juand/create_ws/install/create_description:/home/juand/turtlebot3_ws/install/turtlebot_itm:/home/juand/turtlebot3_ws/install/turtlebot3_teleop:/home/juand/turtlebot3_ws/install/turtlebot3_example:/home/juand/turtlebot3_ws/install/turtlebot3_autorace:/home/juand/turtlebot3_ws/install/turtlebot3_autorace_mission:/home/juand/turtlebot3_ws/install/turtlebot3_autorace_detect:/home/juand/turtlebot3_ws/install/turtlebot3_autorace_camera:/home/juand/create_ws/install/modelo_create:/opt/ros/humble LD_LIBRARY_PATH=/home/juand/create_ws/install/libcreate/lib:/home/juand/create_ws/install/create_msgs/lib:/home/juand/turtlebot3_ws/install/turtlebot3_msgs/lib:/home/juand/turtlebot3_ws/install/dynamixel_sdk_custom_interfaces/lib:/home/juand/turtlebot3_ws/install/dynamixel_sdk/lib:/home/juand/create_ws/install/rplidar_ros/lib:/usr/lib/x86_64-linux-gnu/gazebo-11/plugins:/opt/ros/humble/opt/rviz_ogre_vendor/lib:/opt/ros/humble/lib/x86_64-linux-gnu:/opt/ros/humble/lib:/usr/lib/x86_64-linux-gnu/gazebo-11/plugins /usr/bin/cmake /home/juand/create_ws/src/create_robot/create_driver -DCMAKE_INSTALL_PREFIX=/home/juand/create_ws/install/create_driver
[0.076s] -- The C compiler identification is GNU 11.4.0
[0.131s] -- The CXX compiler identification is GNU 11.4.0
[0.140s] -- Detecting C compiler ABI info
[0.209s] -- Detecting C compiler ABI info - done
[0.217s] -- Check for working C compiler: /usr/bin/cc - skipped
[0.217s] -- Detecting C compile features
[0.218s] -- Detecting C compile features - done
[0.221s] -- Detecting CXX compiler ABI info
[0.301s] -- Detecting CXX compiler ABI info - done
[0.309s] -- Check for working CXX compiler: /usr/bin/c++ - skipped
[0.310s] -- Detecting CXX compile features
[0.310s] -- Detecting CXX compile features - done
[0.492s] -- Found Boost: /usr/lib/x86_64-linux-gnu/cmake/Boost-1.74.0/BoostConfig.cmake (found version "1.74.0") found components: system thread 
[0.494s] -- Found Threads: TRUE  
[0.498s] -- Found ament_cmake: 1.3.11 (/opt/ros/humble/share/ament_cmake/cmake)
[0.685s] -- Found Python3: /usr/bin/python3 (found version "3.10.12") found components: Interpreter 
[0.813s] -- Found create_msgs: 3.1.0 (/home/juand/create_ws/install/create_msgs/share/create_msgs/cmake)
[0.873s] -- Found rosidl_generator_c: 3.1.6 (/opt/ros/humble/share/rosidl_generator_c/cmake)
[0.882s] -- Found rosidl_adapter: 3.1.6 (/opt/ros/humble/share/rosidl_adapter/cmake)
[0.898s] -- Found rosidl_generator_cpp: 3.1.6 (/opt/ros/humble/share/rosidl_generator_cpp/cmake)
[0.916s] -- Using all available rosidl_typesupport_c: rosidl_typesupport_fastrtps_c;rosidl_typesupport_introspection_c
[0.943s] -- Using all available rosidl_typesupport_cpp: rosidl_typesupport_fastrtps_cpp;rosidl_typesupport_introspection_cpp
[0.991s] -- Found diagnostic_msgs: 4.8.0 (/opt/ros/humble/share/diagnostic_msgs/cmake)
[1.011s] -- Found diagnostic_updater: 4.0.4 (/opt/ros/humble/share/diagnostic_updater/cmake)
[1.077s] -- Found rmw_implementation_cmake: 6.1.2 (/opt/ros/humble/share/rmw_implementation_cmake/cmake)
[1.082s] -- Found rmw_fastrtps_cpp: 6.2.7 (/opt/ros/humble/share/rmw_fastrtps_cpp/cmake)
[1.188s] -- Found OpenSSL: /usr/lib/x86_64-linux-gnu/libcrypto.so (found version "3.0.2")  
[1.218s] -- Found FastRTPS: /opt/ros/humble/include  
[1.267s] -- Using RMW implementation 'rmw_fastrtps_cpp' as default
[1.334s] -- Found geometry_msgs: 4.8.0 (/opt/ros/humble/share/geometry_msgs/cmake)
[1.353s] -- Found nav_msgs: 4.8.0 (/opt/ros/humble/share/nav_msgs/cmake)
[1.377s] -- Found sensor_msgs: 4.8.0 (/opt/ros/humble/share/sensor_msgs/cmake)
[1.398s] -- Found tf2_geometry_msgs: 0.25.12 (/opt/ros/humble/share/tf2_geometry_msgs/cmake)
[1.422s] -- Found eigen3_cmake_module: 0.1.1 (/opt/ros/humble/share/eigen3_cmake_module/cmake)
[1.424s] -- Found Eigen3: TRUE (found version "3.4.0") 
[1.424s] -- Ensuring Eigen3 include directory is part of orocos-kdl CMake target
[1.585s] -- Found ament_lint_auto: 0.12.12 (/opt/ros/humble/share/ament_lint_auto/cmake)
[1.696s] -- Added test 'cppcheck' to perform static code analysis on C / C++ code
[1.697s] -- Configured cppcheck language: c++
[1.697s] -- Configured cppcheck include dirs: /home/juand/create_ws/src/create_robot/create_driver/include
[1.697s] -- Configured cppcheck exclude dirs and/or files: 
[1.698s] -- Added test 'cpplint' to check C / C++ code against the Google style
[1.698s] -- Configured cpplint exclude dirs and/or files: 
[1.700s] -- Added test 'lint_cmake' to check CMake code style
[1.701s] -- Added test 'xmllint' to check XML markup files
[1.703s] -- Configuring done
[1.718s] -- Generating done
[1.723s] -- Build files have been written to: /home/juand/create_ws/build/create_driver
[1.736s] Invoked command in '/home/juand/create_ws/build/create_driver' returned '0': CMAKE_PREFIX_PATH=/home/juand/create_ws/install/libcreate:/home/juand/create_ws/install/create_msgs:/home/juand/turtlebot3_ws/install/turtlebot3:/home/juand/turtlebot3_ws/install/turtlebot3_simulations:/home/juand/turtlebot3_ws/install/turtlebot3_bringup:/home/juand/turtlebot3_ws/install/turtlebot3_node:/home/juand/turtlebot3_ws/install/turtlebot3_navigation2:/home/juand/turtlebot3_ws/install/turtlebot3_fake_node:/home/juand/turtlebot3_ws/install/turtlebot3_msgs:/home/juand/turtlebot3_ws/install/turtlebot3_gazebo:/home/juand/turtlebot3_ws/install/turtlebot3_description:/home/juand/turtlebot3_ws/install/turtlebot3_cartographer:/home/juand/turtlebot3_ws/install/dynamixel_sdk_examples:/home/juand/turtlebot3_ws/install/dynamixel_sdk_custom_interfaces:/home/juand/turtlebot3_ws/install/dynamixel_sdk:/home/juand/create_ws/install/rplidar_ros:/home/juand/create_ws/install/create_robot:/home/juand/create_ws/install/create_bringup:/home/juand/create_ws/install/create_driver:/home/juand/create_ws/install/create_description:/home/juand/turtlebot3_ws/install/turtlebot_itm:/home/juand/turtlebot3_ws/install/turtlebot3_teleop:/home/juand/turtlebot3_ws/install/turtlebot3_example:/home/juand/turtlebot3_ws/install/turtlebot3_autorace:/home/juand/turtlebot3_ws/install/turtlebot3_autorace_mission:/home/juand/turtlebot3_ws/install/turtlebot3_autorace_detect:/home/juand/turtlebot3_ws/install/turtlebot3_autorace_camera:/home/juand/create_ws/install/modelo_create:/opt/ros/humble LD_LIBRARY_PATH=/home/juand/create_ws/install/libcreate/lib:/home/juand/create_ws/install/create_msgs/lib:/home/juand/turtlebot3_ws/install/turtlebot3_msgs/lib:/home/juand/turtlebot3_ws/install/dynamixel_sdk_custom_interfaces/lib:/home/juand/turtlebot3_ws/install/dynamixel_sdk/lib:/home/juand/create_ws/install/rplidar_ros/lib:/usr/lib/x86_64-linux-gnu/gazebo-11/plugins:/opt/ros/humble/opt/rviz_ogre_vendor/lib:/opt/ros/humble/lib/x86_64-linux-gnu:/opt/ros/humble/lib:/usr/lib/x86_64-linux-gnu/gazebo-11/plugins /usr/bin/cmake /home/juand/create_ws/src/create_robot/create_driver -DCMAKE_INSTALL_PREFIX=/home/juand/create_ws/install/create_driver
[1.740s] Invoking command in '/home/juand/create_ws/build/create_driver': CMAKE_PREFIX_PATH=/home/juand/create_ws/install/libcreate:/home/juand/create_ws/install/create_msgs:/home/juand/turtlebot3_ws/install/turtlebot3:/home/juand/turtlebot3_ws/install/turtlebot3_simulations:/home/juand/turtlebot3_ws/install/turtlebot3_bringup:/home/juand/turtlebot3_ws/install/turtlebot3_node:/home/juand/turtlebot3_ws/install/turtlebot3_navigation2:/home/juand/turtlebot3_ws/install/turtlebot3_fake_node:/home/juand/turtlebot3_ws/install/turtlebot3_msgs:/home/juand/turtlebot3_ws/install/turtlebot3_gazebo:/home/juand/turtlebot3_ws/install/turtlebot3_description:/home/juand/turtlebot3_ws/install/turtlebot3_cartographer:/home/juand/turtlebot3_ws/install/dynamixel_sdk_examples:/home/juand/turtlebot3_ws/install/dynamixel_sdk_custom_interfaces:/home/juand/turtlebot3_ws/install/dynamixel_sdk:/home/juand/create_ws/install/rplidar_ros:/home/juand/create_ws/install/create_robot:/home/juand/create_ws/install/create_bringup:/home/juand/create_ws/install/create_driver:/home/juand/create_ws/install/create_description:/home/juand/turtlebot3_ws/install/turtlebot_itm:/home/juand/turtlebot3_ws/install/turtlebot3_teleop:/home/juand/turtlebot3_ws/install/turtlebot3_example:/home/juand/turtlebot3_ws/install/turtlebot3_autorace:/home/juand/turtlebot3_ws/install/turtlebot3_autorace_mission:/home/juand/turtlebot3_ws/install/turtlebot3_autorace_detect:/home/juand/turtlebot3_ws/install/turtlebot3_autorace_camera:/home/juand/create_ws/install/modelo_create:/opt/ros/humble LD_LIBRARY_PATH=/home/juand/create_ws/install/libcreate/lib:/home/juand/create_ws/install/create_msgs/lib:/home/juand/turtlebot3_ws/install/turtlebot3_msgs/lib:/home/juand/turtlebot3_ws/install/dynamixel_sdk_custom_interfaces/lib:/home/juand/turtlebot3_ws/install/dynamixel_sdk/lib:/home/juand/create_ws/install/rplidar_ros/lib:/usr/lib/x86_64-linux-gnu/gazebo-11/plugins:/opt/ros/humble/opt/rviz_ogre_vendor/lib:/opt/ros/humble/lib/x86_64-linux-gnu:/opt/ros/humble/lib:/usr/lib/x86_64-linux-gnu/gazebo-11/plugins /usr/bin/cmake --build /home/juand/create_ws/build/create_driver -- -j4 -l4
[1.795s] [ 50%] [32mBuilding CXX object CMakeFiles/create_driver.dir/src/create_driver.cpp.o[0m
[34.495s] [100%] [32m[1mLinking CXX executable create_driver[0m
[37.003s] [100%] Built target create_driver
[37.014s] Invoked command in '/home/juand/create_ws/build/create_driver' returned '0': CMAKE_PREFIX_PATH=/home/juand/create_ws/install/libcreate:/home/juand/create_ws/install/create_msgs:/home/juand/turtlebot3_ws/install/turtlebot3:/home/juand/turtlebot3_ws/install/turtlebot3_simulations:/home/juand/turtlebot3_ws/install/turtlebot3_bringup:/home/juand/turtlebot3_ws/install/turtlebot3_node:/home/juand/turtlebot3_ws/install/turtlebot3_navigation2:/home/juand/turtlebot3_ws/install/turtlebot3_fake_node:/home/juand/turtlebot3_ws/install/turtlebot3_msgs:/home/juand/turtlebot3_ws/install/turtlebot3_gazebo:/home/juand/turtlebot3_ws/install/turtlebot3_description:/home/juand/turtlebot3_ws/install/turtlebot3_cartographer:/home/juand/turtlebot3_ws/install/dynamixel_sdk_examples:/home/juand/turtlebot3_ws/install/dynamixel_sdk_custom_interfaces:/home/juand/turtlebot3_ws/install/dynamixel_sdk:/home/juand/create_ws/install/rplidar_ros:/home/juand/create_ws/install/create_robot:/home/juand/create_ws/install/create_bringup:/home/juand/create_ws/install/create_driver:/home/juand/create_ws/install/create_description:/home/juand/turtlebot3_ws/install/turtlebot_itm:/home/juand/turtlebot3_ws/install/turtlebot3_teleop:/home/juand/turtlebot3_ws/install/turtlebot3_example:/home/juand/turtlebot3_ws/install/turtlebot3_autorace:/home/juand/turtlebot3_ws/install/turtlebot3_autorace_mission:/home/juand/turtlebot3_ws/install/turtlebot3_autorace_detect:/home/juand/turtlebot3_ws/install/turtlebot3_autorace_camera:/home/juand/create_ws/install/modelo_create:/opt/ros/humble LD_LIBRARY_PATH=/home/juand/create_ws/install/libcreate/lib:/home/juand/create_ws/install/create_msgs/lib:/home/juand/turtlebot3_ws/install/turtlebot3_msgs/lib:/home/juand/turtlebot3_ws/install/dynamixel_sdk_custom_interfaces/lib:/home/juand/turtlebot3_ws/install/dynamixel_sdk/lib:/home/juand/create_ws/install/rplidar_ros/lib:/usr/lib/x86_64-linux-gnu/gazebo-11/plugins:/opt/ros/humble/opt/rviz_ogre_vendor/lib:/opt/ros/humble/lib/x86_64-linux-gnu:/opt/ros/humble/lib:/usr/lib/x86_64-linux-gnu/gazebo-11/plugins /usr/bin/cmake --build /home/juand/create_ws/build/create_driver -- -j4 -l4
[37.016s] Invoking command in '/home/juand/create_ws/build/create_driver': CMAKE_PREFIX_PATH=/home/juand/create_ws/install/libcreate:/home/juand/create_ws/install/create_msgs:/home/juand/turtlebot3_ws/install/turtlebot3:/home/juand/turtlebot3_ws/install/turtlebot3_simulations:/home/juand/turtlebot3_ws/install/turtlebot3_bringup:/home/juand/turtlebot3_ws/install/turtlebot3_node:/home/juand/turtlebot3_ws/install/turtlebot3_navigation2:/home/juand/turtlebot3_ws/install/turtlebot3_fake_node:/home/juand/turtlebot3_ws/install/turtlebot3_msgs:/home/juand/turtlebot3_ws/install/turtlebot3_gazebo:/home/juand/turtlebot3_ws/install/turtlebot3_description:/home/juand/turtlebot3_ws/install/turtlebot3_cartographer:/home/juand/turtlebot3_ws/install/dynamixel_sdk_examples:/home/juand/turtlebot3_ws/install/dynamixel_sdk_custom_interfaces:/home/juand/turtlebot3_ws/install/dynamixel_sdk:/home/juand/create_ws/install/rplidar_ros:/home/juand/create_ws/install/create_robot:/home/juand/create_ws/install/create_bringup:/home/juand/create_ws/install/create_driver:/home/juand/create_ws/install/create_description:/home/juand/turtlebot3_ws/install/turtlebot_itm:/home/juand/turtlebot3_ws/install/turtlebot3_teleop:/home/juand/turtlebot3_ws/install/turtlebot3_example:/home/juand/turtlebot3_ws/install/turtlebot3_autorace:/home/juand/turtlebot3_ws/install/turtlebot3_autorace_mission:/home/juand/turtlebot3_ws/install/turtlebot3_autorace_detect:/home/juand/turtlebot3_ws/install/turtlebot3_autorace_camera:/home/juand/create_ws/install/modelo_create:/opt/ros/humble LD_LIBRARY_PATH=/home/juand/create_ws/install/libcreate/lib:/home/juand/create_ws/install/create_msgs/lib:/home/juand/turtlebot3_ws/install/turtlebot3_msgs/lib:/home/juand/turtlebot3_ws/install/dynamixel_sdk_custom_interfaces/lib:/home/juand/turtlebot3_ws/install/dynamixel_sdk/lib:/home/juand/create_ws/install/rplidar_ros/lib:/usr/lib/x86_64-linux-gnu/gazebo-11/plugins:/opt/ros/humble/opt/rviz_ogre_vendor/lib:/opt/ros/humble/lib/x86_64-linux-gnu:/opt/ros/humble/lib:/usr/lib/x86_64-linux-gnu/gazebo-11/plugins /usr/bin/cmake --install /home/juand/create_ws/build/create_driver
[37.024s] -- Install configuration: ""
[37.024s] -- Installing: /home/juand/create_ws/install/create_driver/lib/create_driver/create_driver
[37.036s] -- Set runtime path of "/home/juand/create_ws/install/create_driver/lib/create_driver/create_driver" to ""
[37.036s] -- Installing: /home/juand/create_ws/install/create_driver/include
[37.036s] -- Installing: /home/juand/create_ws/install/create_driver/include/create_driver
[37.036s] -- Installing: /home/juand/create_ws/install/create_driver/include/create_driver/create_driver.h
[37.037s] -- Installing: /home/juand/create_ws/install/create_driver/share/ament_index/resource_index/package_run_dependencies/create_driver
[37.037s] -- Installing: /home/juand/create_ws/install/create_driver/share/ament_index/resource_index/parent_prefix_path/create_driver
[37.037s] -- Installing: /home/juand/create_ws/install/create_driver/share/create_driver/environment/ament_prefix_path.sh
[37.037s] -- Installing: /home/juand/create_ws/install/create_driver/share/create_driver/environment/ament_prefix_path.dsv
[37.037s] -- Installing: /home/juand/create_ws/install/create_driver/share/create_driver/environment/path.sh
[37.037s] -- Installing: /home/juand/create_ws/install/create_driver/share/create_driver/environment/path.dsv
[37.037s] -- Installing: /home/juand/create_ws/install/create_driver/share/create_driver/local_setup.bash
[37.037s] -- Installing: /home/juand/create_ws/install/create_driver/share/create_driver/local_setup.sh
[37.038s] -- Installing: /home/juand/create_ws/install/create_driver/share/create_driver/local_setup.zsh
[37.038s] -- Installing: /home/juand/create_ws/install/create_driver/share/create_driver/local_setup.dsv
[37.038s] -- Installing: /home/juand/create_ws/install/create_driver/share/create_driver/package.dsv
[37.038s] -- Installing: /home/juand/create_ws/install/create_driver/share/ament_index/resource_index/packages/create_driver
[37.038s] -- Installing: /home/juand/create_ws/install/create_driver/share/create_driver/cmake/create_driverConfig.cmake
[37.038s] -- Installing: /home/juand/create_ws/install/create_driver/share/create_driver/cmake/create_driverConfig-version.cmake
[37.038s] -- Installing: /home/juand/create_ws/install/create_driver/share/create_driver/package.xml
[37.041s] Invoked command in '/home/juand/create_ws/build/create_driver' returned '0': CMAKE_PREFIX_PATH=/home/juand/create_ws/install/libcreate:/home/juand/create_ws/install/create_msgs:/home/juand/turtlebot3_ws/install/turtlebot3:/home/juand/turtlebot3_ws/install/turtlebot3_simulations:/home/juand/turtlebot3_ws/install/turtlebot3_bringup:/home/juand/turtlebot3_ws/install/turtlebot3_node:/home/juand/turtlebot3_ws/install/turtlebot3_navigation2:/home/juand/turtlebot3_ws/install/turtlebot3_fake_node:/home/juand/turtlebot3_ws/install/turtlebot3_msgs:/home/juand/turtlebot3_ws/install/turtlebot3_gazebo:/home/juand/turtlebot3_ws/install/turtlebot3_description:/home/juand/turtlebot3_ws/install/turtlebot3_cartographer:/home/juand/turtlebot3_ws/install/dynamixel_sdk_examples:/home/juand/turtlebot3_ws/install/dynamixel_sdk_custom_interfaces:/home/juand/turtlebot3_ws/install/dynamixel_sdk:/home/juand/create_ws/install/rplidar_ros:/home/juand/create_ws/install/create_robot:/home/juand/create_ws/install/create_bringup:/home/juand/create_ws/install/create_driver:/home/juand/create_ws/install/create_description:/home/juand/turtlebot3_ws/install/turtlebot_itm:/home/juand/turtlebot3_ws/install/turtlebot3_teleop:/home/juand/turtlebot3_ws/install/turtlebot3_example:/home/juand/turtlebot3_ws/install/turtlebot3_autorace:/home/juand/turtlebot3_ws/install/turtlebot3_autorace_mission:/home/juand/turtlebot3_ws/install/turtlebot3_autorace_detect:/home/juand/turtlebot3_ws/install/turtlebot3_autorace_camera:/home/juand/create_ws/install/modelo_create:/opt/ros/humble LD_LIBRARY_PATH=/home/juand/create_ws/install/libcreate/lib:/home/juand/create_ws/install/create_msgs/lib:/home/juand/turtlebot3_ws/install/turtlebot3_msgs/lib:/home/juand/turtlebot3_ws/install/dynamixel_sdk_custom_interfaces/lib:/home/juand/turtlebot3_ws/install/dynamixel_sdk/lib:/home/juand/create_ws/install/rplidar_ros/lib:/usr/lib/x86_64-linux-gnu/gazebo-11/plugins:/opt/ros/humble/opt/rviz_ogre_vendor/lib:/opt/ros/humble/lib/x86_64-linux-gnu:/opt/ros/humble/lib:/usr/lib/x86_64-linux-gnu/gazebo-11/plugins /usr/bin/cmake --install /home/juand/create_ws/build/create_driver
