[0.037s] Invoking command in '/home/juand/create_ws/build/libcreate': CMAKE_PREFIX_PATH=${CMAKE_PREFIX_PATH}:/home/juand/turtlebot3_ws/install/turtlebot_itm:/home/juand/turtlebot3_ws/install/turtlebot3_teleop:/home/juand/turtlebot3_ws/install/turtlebot3_example:/home/juand/turtlebot3_ws/install/turtlebot3_autorace:/home/juand/turtlebot3_ws/install/turtlebot3_autorace_mission:/home/juand/turtlebot3_ws/install/turtlebot3_autorace_detect:/home/juand/turtlebot3_ws/install/turtlebot3_autorace_camera:/home/juand/create_ws/install/modelo_create:/opt/ros/humble /usr/bin/cmake --build /home/juand/create_ws/build/libcreate -- -j4 -l4
[0.274s] [ 22%] Built target create
[0.376s] [ 27%] Built target drive_circle
[0.385s] [ 33%] Built target cliffs
[0.385s] [ 38%] Built target battery_level
[0.394s] [ 44%] Built target bumpers
[0.492s] [ 50%] Built target wheeldrop
[0.497s] [ 55%] Built target play_song
[0.501s] [ 63%] Built target leds
[0.502s] [ 66%] Built target packets
[0.573s] [ 72%] Built target test_robot_model
[0.591s] [ 77%] Built target test_data
[0.595s] [ 83%] Built target test_packet
[0.595s] [ 88%] Built target test_create
[0.669s] [ 94%] Built target test_serial_stream
[0.684s] [100%] Built target test_serial_query
[0.730s] Invoked command in '/home/juand/create_ws/build/libcreate' returned '0': CMAKE_PREFIX_PATH=${CMAKE_PREFIX_PATH}:/home/juand/turtlebot3_ws/install/turtlebot_itm:/home/juand/turtlebot3_ws/install/turtlebot3_teleop:/home/juand/turtlebot3_ws/install/turtlebot3_example:/home/juand/turtlebot3_ws/install/turtlebot3_autorace:/home/juand/turtlebot3_ws/install/turtlebot3_autorace_mission:/home/juand/turtlebot3_ws/install/turtlebot3_autorace_detect:/home/juand/turtlebot3_ws/install/turtlebot3_autorace_camera:/home/juand/create_ws/install/modelo_create:/opt/ros/humble /usr/bin/cmake --build /home/juand/create_ws/build/libcreate -- -j4 -l4
[0.733s] Invoking command in '/home/juand/create_ws/build/libcreate': CMAKE_PREFIX_PATH=${CMAKE_PREFIX_PATH}:/home/juand/turtlebot3_ws/install/turtlebot_itm:/home/juand/turtlebot3_ws/install/turtlebot3_teleop:/home/juand/turtlebot3_ws/install/turtlebot3_example:/home/juand/turtlebot3_ws/install/turtlebot3_autorace:/home/juand/turtlebot3_ws/install/turtlebot3_autorace_mission:/home/juand/turtlebot3_ws/install/turtlebot3_autorace_detect:/home/juand/turtlebot3_ws/install/turtlebot3_autorace_camera:/home/juand/create_ws/install/modelo_create:/opt/ros/humble /usr/bin/cmake --install /home/juand/create_ws/build/libcreate
[0.749s] -- Install configuration: ""
[0.752s] -- Up-to-date: /home/juand/create_ws/install/libcreate/lib/libcreate.so
[0.753s] -- Up-to-date: /home/juand/create_ws/install/libcreate/include
[0.753s] -- Up-to-date: /home/juand/create_ws/install/libcreate/include/create
[0.753s] -- Up-to-date: /home/juand/create_ws/install/libcreate/include/create/util.h
[0.753s] -- Up-to-date: /home/juand/create_ws/install/libcreate/include/create/serial.h
[0.753s] -- Up-to-date: /home/juand/create_ws/install/libcreate/include/create/serial_query.h
[0.753s] -- Up-to-date: /home/juand/create_ws/install/libcreate/include/create/create.h
[0.753s] -- Up-to-date: /home/juand/create_ws/install/libcreate/include/create/serial_stream.h
[0.754s] -- Up-to-date: /home/juand/create_ws/install/libcreate/include/create/types.h
[0.754s] -- Up-to-date: /home/juand/create_ws/install/libcreate/include/create/packet.h
[0.754s] -- Up-to-date: /home/juand/create_ws/install/libcreate/include/create/data.h
[0.754s] -- Up-to-date: /home/juand/create_ws/install/libcreate/lib/cmake/libcreate/libcreate-config.cmake
[0.754s] -- Up-to-date: /home/juand/create_ws/install/libcreate/lib/cmake/libcreate/libcreate-config-version.cmake
[0.754s] -- Up-to-date: /home/juand/create_ws/install/libcreate/lib/cmake/libcreate/libcreate-targets.cmake
[0.754s] -- Up-to-date: /home/juand/create_ws/install/libcreate/lib/cmake/libcreate/libcreate-targets-noconfig.cmake
[0.755s] -- Up-to-date: /home/juand/create_ws/install/libcreate/share/libcreate/package.xml
[0.812s] Invoked command in '/home/juand/create_ws/build/libcreate' returned '0': CMAKE_PREFIX_PATH=${CMAKE_PREFIX_PATH}:/home/juand/turtlebot3_ws/install/turtlebot_itm:/home/juand/turtlebot3_ws/install/turtlebot3_teleop:/home/juand/turtlebot3_ws/install/turtlebot3_example:/home/juand/turtlebot3_ws/install/turtlebot3_autorace:/home/juand/turtlebot3_ws/install/turtlebot3_autorace_mission:/home/juand/turtlebot3_ws/install/turtlebot3_autorace_detect:/home/juand/turtlebot3_ws/install/turtlebot3_autorace_camera:/home/juand/create_ws/install/modelo_create:/opt/ros/humble /usr/bin/cmake --install /home/juand/create_ws/build/libcreate
