[0.039s] Invoking command in '/home/juand/create_ws/build/libcreate': CMAKE_PREFIX_PATH=${CMAKE_PREFIX_PATH}:/home/juand/turtlebot3_ws/install/turtlebot_itm:/home/juand/turtlebot3_ws/install/turtlebot3_teleop:/home/juand/turtlebot3_ws/install/turtlebot3_example:/home/juand/turtlebot3_ws/install/turtlebot3_autorace:/home/juand/turtlebot3_ws/install/turtlebot3_autorace_mission:/home/juand/turtlebot3_ws/install/turtlebot3_autorace_detect:/home/juand/turtlebot3_ws/install/turtlebot3_autorace_camera:/home/juand/create_ws/install/modelo_create:/opt/ros/humble /usr/bin/cmake --build /home/juand/create_ws/build/libcreate -- -j4 -l4
[0.132s] [35m[1mConsolidate compiler generated dependencies of target create[0m
[0.215s] [ 22%] Built target create
[0.262s] [35m[1mConsolidate compiler generated dependencies of target drive_circle[0m
[0.267s] [35m[1mConsolidate compiler generated dependencies of target bumpers[0m
[0.273s] [35m[1mConsolidate compiler generated dependencies of target cliffs[0m
[0.279s] [35m[1mConsolidate compiler generated dependencies of target battery_level[0m
[0.353s] [ 27%] Built target bumpers
[0.354s] [ 33%] Built target drive_circle
[0.366s] [ 38%] Built target cliffs
[0.370s] [ 44%] Built target battery_level
[0.391s] [35m[1mConsolidate compiler generated dependencies of target leds[0m
[0.391s] [35m[1mConsolidate compiler generated dependencies of target packets[0m
[0.395s] [35m[1mConsolidate compiler generated dependencies of target wheeldrop[0m
[0.411s] [35m[1mConsolidate compiler generated dependencies of target play_song[0m
[0.455s] [ 50%] Built target wheeldrop
[0.471s] [ 61%] Built target packets
[0.471s] [ 61%] Built target leds
[0.490s] [35m[1mConsolidate compiler generated dependencies of target test_create[0m
[0.496s] [ 66%] Built target play_song
[0.508s] [35m[1mConsolidate compiler generated dependencies of target test_data[0m
[0.516s] [35m[1mConsolidate compiler generated dependencies of target test_packet[0m
[0.526s] [35m[1mConsolidate compiler generated dependencies of target test_robot_model[0m
[0.554s] [ 72%] Built target test_create
[0.560s] [ 77%] Built target test_data
[0.568s] [ 83%] Built target test_packet
[0.568s] [ 88%] Built target test_robot_model
[0.580s] [35m[1mConsolidate compiler generated dependencies of target test_serial_stream[0m
[0.593s] [35m[1mConsolidate compiler generated dependencies of target test_serial_query[0m
[0.652s] [ 94%] Built target test_serial_query
[0.653s] [100%] Built target test_serial_stream
[0.752s] Invoked command in '/home/juand/create_ws/build/libcreate' returned '0': CMAKE_PREFIX_PATH=${CMAKE_PREFIX_PATH}:/home/juand/turtlebot3_ws/install/turtlebot_itm:/home/juand/turtlebot3_ws/install/turtlebot3_teleop:/home/juand/turtlebot3_ws/install/turtlebot3_example:/home/juand/turtlebot3_ws/install/turtlebot3_autorace:/home/juand/turtlebot3_ws/install/turtlebot3_autorace_mission:/home/juand/turtlebot3_ws/install/turtlebot3_autorace_detect:/home/juand/turtlebot3_ws/install/turtlebot3_autorace_camera:/home/juand/create_ws/install/modelo_create:/opt/ros/humble /usr/bin/cmake --build /home/juand/create_ws/build/libcreate -- -j4 -l4
[0.764s] Invoking command in '/home/juand/create_ws/build/libcreate': CMAKE_PREFIX_PATH=${CMAKE_PREFIX_PATH}:/home/juand/turtlebot3_ws/install/turtlebot_itm:/home/juand/turtlebot3_ws/install/turtlebot3_teleop:/home/juand/turtlebot3_ws/install/turtlebot3_example:/home/juand/turtlebot3_ws/install/turtlebot3_autorace:/home/juand/turtlebot3_ws/install/turtlebot3_autorace_mission:/home/juand/turtlebot3_ws/install/turtlebot3_autorace_detect:/home/juand/turtlebot3_ws/install/turtlebot3_autorace_camera:/home/juand/create_ws/install/modelo_create:/opt/ros/humble /usr/bin/cmake --install /home/juand/create_ws/build/libcreate
[0.777s] -- Install configuration: ""
[0.778s] -- Up-to-date: /home/juand/create_ws/install/libcreate/lib/libcreate.so
[0.778s] -- Up-to-date: /home/juand/create_ws/install/libcreate/include
[0.778s] -- Up-to-date: /home/juand/create_ws/install/libcreate/include/create
[0.778s] -- Up-to-date: /home/juand/create_ws/install/libcreate/include/create/util.h
[0.778s] -- Up-to-date: /home/juand/create_ws/install/libcreate/include/create/serial.h
[0.778s] -- Up-to-date: /home/juand/create_ws/install/libcreate/include/create/serial_query.h
[0.778s] -- Up-to-date: /home/juand/create_ws/install/libcreate/include/create/create.h
[0.778s] -- Up-to-date: /home/juand/create_ws/install/libcreate/include/create/serial_stream.h
[0.779s] -- Up-to-date: /home/juand/create_ws/install/libcreate/include/create/types.h
[0.779s] -- Up-to-date: /home/juand/create_ws/install/libcreate/include/create/packet.h
[0.779s] -- Up-to-date: /home/juand/create_ws/install/libcreate/include/create/data.h
[0.779s] -- Up-to-date: /home/juand/create_ws/install/libcreate/lib/cmake/libcreate/libcreate-config.cmake
[0.779s] -- Up-to-date: /home/juand/create_ws/install/libcreate/lib/cmake/libcreate/libcreate-config-version.cmake
[0.779s] -- Up-to-date: /home/juand/create_ws/install/libcreate/lib/cmake/libcreate/libcreate-targets.cmake
[0.779s] -- Up-to-date: /home/juand/create_ws/install/libcreate/lib/cmake/libcreate/libcreate-targets-noconfig.cmake
[0.779s] -- Up-to-date: /home/juand/create_ws/install/libcreate/share/libcreate/package.xml
[0.781s] Invoked command in '/home/juand/create_ws/build/libcreate' returned '0': CMAKE_PREFIX_PATH=${CMAKE_PREFIX_PATH}:/home/juand/turtlebot3_ws/install/turtlebot_itm:/home/juand/turtlebot3_ws/install/turtlebot3_teleop:/home/juand/turtlebot3_ws/install/turtlebot3_example:/home/juand/turtlebot3_ws/install/turtlebot3_autorace:/home/juand/turtlebot3_ws/install/turtlebot3_autorace_mission:/home/juand/turtlebot3_ws/install/turtlebot3_autorace_detect:/home/juand/turtlebot3_ws/install/turtlebot3_autorace_camera:/home/juand/create_ws/install/modelo_create:/opt/ros/humble /usr/bin/cmake --install /home/juand/create_ws/build/libcreate
