[0.042s] Invoking command in '/home/juand/create_ws/build/create_msgs': CMAKE_PREFIX_PATH=${CMAKE_PREFIX_PATH}:/home/juand/turtlebot3_ws/install/turtlebot_itm:/home/juand/turtlebot3_ws/install/turtlebot3_teleop:/home/juand/turtlebot3_ws/install/turtlebot3_example:/home/juand/turtlebot3_ws/install/turtlebot3_autorace:/home/juand/turtlebot3_ws/install/turtlebot3_autorace_mission:/home/juand/turtlebot3_ws/install/turtlebot3_autorace_detect:/home/juand/turtlebot3_ws/install/turtlebot3_autorace_camera:/home/juand/create_ws/install/modelo_create:/opt/ros/humble /usr/bin/cmake --build /home/juand/create_ws/build/create_msgs -- -j4 -l4
[0.193s] [  1%] Built target create_msgs__cpp
[0.225s] [ 12%] Built target create_msgs__rosidl_generator_c
[0.225s] [ 12%] Built target ament_cmake_python_copy_create_msgs
[0.262s] [ 24%] Built target create_msgs__rosidl_typesupport_fastrtps_cpp
[0.263s] [ 35%] Built target create_msgs__rosidl_typesupport_cpp
[0.285s] [ 46%] Built target create_msgs__rosidl_typesupport_fastrtps_c
[0.294s] [ 58%] Built target create_msgs__rosidl_typesupport_introspection_cpp
[0.358s] [ 69%] Built target create_msgs__rosidl_typesupport_c
[0.359s] [ 81%] Built target create_msgs__rosidl_typesupport_introspection_c
[0.420s] [ 81%] Built target create_msgs
[0.504s] [ 82%] Built target create_msgs__py
[0.585s] [ 92%] Built target create_msgs__rosidl_generator_py
[0.663s] [ 94%] Built target create_msgs__rosidl_typesupport_introspection_c__pyext
[0.673s] [ 98%] Built target create_msgs__rosidl_typesupport_c__pyext
[0.674s] [100%] Built target create_msgs__rosidl_typesupport_fastrtps_c__pyext
[0.864s] running egg_info
[0.865s] writing create_msgs.egg-info/PKG-INFO
[0.866s] writing dependency_links to create_msgs.egg-info/dependency_links.txt
[0.866s] writing top-level names to create_msgs.egg-info/top_level.txt
[0.870s] reading manifest file 'create_msgs.egg-info/SOURCES.txt'
[0.873s] writing manifest file 'create_msgs.egg-info/SOURCES.txt'
[0.918s] [100%] Built target ament_cmake_python_build_create_msgs_egg
[0.939s] Invoked command in '/home/juand/create_ws/build/create_msgs' returned '0': CMAKE_PREFIX_PATH=${CMAKE_PREFIX_PATH}:/home/juand/turtlebot3_ws/install/turtlebot_itm:/home/juand/turtlebot3_ws/install/turtlebot3_teleop:/home/juand/turtlebot3_ws/install/turtlebot3_example:/home/juand/turtlebot3_ws/install/turtlebot3_autorace:/home/juand/turtlebot3_ws/install/turtlebot3_autorace_mission:/home/juand/turtlebot3_ws/install/turtlebot3_autorace_detect:/home/juand/turtlebot3_ws/install/turtlebot3_autorace_camera:/home/juand/create_ws/install/modelo_create:/opt/ros/humble /usr/bin/cmake --build /home/juand/create_ws/build/create_msgs -- -j4 -l4
[0.942s] Invoking command in '/home/juand/create_ws/build/create_msgs': CMAKE_PREFIX_PATH=${CMAKE_PREFIX_PATH}:/home/juand/turtlebot3_ws/install/turtlebot_itm:/home/juand/turtlebot3_ws/install/turtlebot3_teleop:/home/juand/turtlebot3_ws/install/turtlebot3_example:/home/juand/turtlebot3_ws/install/turtlebot3_autorace:/home/juand/turtlebot3_ws/install/turtlebot3_autorace_mission:/home/juand/turtlebot3_ws/install/turtlebot3_autorace_detect:/home/juand/turtlebot3_ws/install/turtlebot3_autorace_camera:/home/juand/create_ws/install/modelo_create:/opt/ros/humble /usr/bin/cmake --install /home/juand/create_ws/build/create_msgs
[0.953s] -- Install configuration: ""
[0.953s] -- Up-to-date: /home/juand/create_ws/install/create_msgs/share/ament_index/resource_index/rosidl_interfaces/create_msgs
[0.954s] -- Up-to-date: /home/juand/create_ws/install/create_msgs/include/create_msgs/create_msgs
[0.954s] -- Up-to-date: /home/juand/create_ws/install/create_msgs/include/create_msgs/create_msgs/msg
[0.954s] -- Up-to-date: /home/juand/create_ws/install/create_msgs/include/create_msgs/create_msgs/msg/charging_state.h
[0.954s] -- Up-to-date: /home/juand/create_ws/install/create_msgs/include/create_msgs/create_msgs/msg/bumper.h
[0.954s] -- Up-to-date: /home/juand/create_ws/install/create_msgs/include/create_msgs/create_msgs/msg/define_song.h
[0.954s] -- Up-to-date: /home/juand/create_ws/install/create_msgs/include/create_msgs/create_msgs/msg/rosidl_generator_c__visibility_control.h
[0.955s] -- Up-to-date: /home/juand/create_ws/install/create_msgs/include/create_msgs/create_msgs/msg/detail
[0.955s] -- Up-to-date: /home/juand/create_ws/install/create_msgs/include/create_msgs/create_msgs/msg/detail/define_song__type_support.h
[0.955s] -- Up-to-date: /home/juand/create_ws/install/create_msgs/include/create_msgs/create_msgs/msg/detail/cliff__type_support.h
[0.955s] -- Up-to-date: /home/juand/create_ws/install/create_msgs/include/create_msgs/create_msgs/msg/detail/charging_state__type_support.h
[0.955s] -- Up-to-date: /home/juand/create_ws/install/create_msgs/include/create_msgs/create_msgs/msg/detail/cliff__struct.h
[0.955s] -- Up-to-date: /home/juand/create_ws/install/create_msgs/include/create_msgs/create_msgs/msg/detail/charging_state__functions.h
[0.955s] -- Up-to-date: /home/juand/create_ws/install/create_msgs/include/create_msgs/create_msgs/msg/detail/charging_state__struct.h
[0.955s] -- Up-to-date: /home/juand/create_ws/install/create_msgs/include/create_msgs/create_msgs/msg/detail/motor_setpoint__functions.h
[0.955s] -- Up-to-date: /home/juand/create_ws/install/create_msgs/include/create_msgs/create_msgs/msg/detail/motor_setpoint__type_support.h
[0.955s] -- Up-to-date: /home/juand/create_ws/install/create_msgs/include/create_msgs/create_msgs/msg/detail/define_song__functions.h
[0.956s] -- Up-to-date: /home/juand/create_ws/install/create_msgs/include/create_msgs/create_msgs/msg/detail/bumper__functions.h
[0.956s] -- Up-to-date: /home/juand/create_ws/install/create_msgs/include/create_msgs/create_msgs/msg/detail/play_song__struct.h
[0.956s] -- Up-to-date: /home/juand/create_ws/install/create_msgs/include/create_msgs/create_msgs/msg/detail/cliff__functions.h
[0.956s] -- Up-to-date: /home/juand/create_ws/install/create_msgs/include/create_msgs/create_msgs/msg/detail/mode__type_support.h
[0.956s] -- Up-to-date: /home/juand/create_ws/install/create_msgs/include/create_msgs/create_msgs/msg/detail/mode__struct.h
[0.956s] -- Up-to-date: /home/juand/create_ws/install/create_msgs/include/create_msgs/create_msgs/msg/detail/bumper__type_support.h
[0.956s] -- Up-to-date: /home/juand/create_ws/install/create_msgs/include/create_msgs/create_msgs/msg/detail/mode__functions.h
[0.957s] -- Up-to-date: /home/juand/create_ws/install/create_msgs/include/create_msgs/create_msgs/msg/detail/define_song__struct.h
[0.957s] -- Up-to-date: /home/juand/create_ws/install/create_msgs/include/create_msgs/create_msgs/msg/detail/play_song__functions.c
[0.957s] -- Up-to-date: /home/juand/create_ws/install/create_msgs/include/create_msgs/create_msgs/msg/detail/charging_state__functions.c
[0.957s] -- Up-to-date: /home/juand/create_ws/install/create_msgs/include/create_msgs/create_msgs/msg/detail/define_song__functions.c
[0.957s] -- Up-to-date: /home/juand/create_ws/install/create_msgs/include/create_msgs/create_msgs/msg/detail/play_song__functions.h
[0.957s] -- Up-to-date: /home/juand/create_ws/install/create_msgs/include/create_msgs/create_msgs/msg/detail/mode__functions.c
[0.957s] -- Up-to-date: /home/juand/create_ws/install/create_msgs/include/create_msgs/create_msgs/msg/detail/play_song__type_support.h
[0.957s] -- Up-to-date: /home/juand/create_ws/install/create_msgs/include/create_msgs/create_msgs/msg/detail/motor_setpoint__functions.c
[0.957s] -- Up-to-date: /home/juand/create_ws/install/create_msgs/include/create_msgs/create_msgs/msg/detail/cliff__functions.c
[0.958s] -- Up-to-date: /home/juand/create_ws/install/create_msgs/include/create_msgs/create_msgs/msg/detail/motor_setpoint__struct.h
[0.958s] -- Up-to-date: /home/juand/create_ws/install/create_msgs/include/create_msgs/create_msgs/msg/detail/bumper__struct.h
[0.958s] -- Up-to-date: /home/juand/create_ws/install/create_msgs/include/create_msgs/create_msgs/msg/detail/bumper__functions.c
[0.958s] -- Up-to-date: /home/juand/create_ws/install/create_msgs/include/create_msgs/create_msgs/msg/play_song.h
[0.958s] -- Up-to-date: /home/juand/create_ws/install/create_msgs/include/create_msgs/create_msgs/msg/mode.h
[0.958s] -- Up-to-date: /home/juand/create_ws/install/create_msgs/include/create_msgs/create_msgs/msg/cliff.h
[0.958s] -- Up-to-date: /home/juand/create_ws/install/create_msgs/include/create_msgs/create_msgs/msg/motor_setpoint.h
[0.959s] -- Up-to-date: /home/juand/create_ws/install/create_msgs/share/create_msgs/environment/library_path.sh
[0.959s] -- Up-to-date: /home/juand/create_ws/install/create_msgs/share/create_msgs/environment/library_path.dsv
[0.959s] -- Up-to-date: /home/juand/create_ws/install/create_msgs/lib/libcreate_msgs__rosidl_generator_c.so
[0.959s] -- Up-to-date: /home/juand/create_ws/install/create_msgs/include/create_msgs/create_msgs
[0.959s] -- Up-to-date: /home/juand/create_ws/install/create_msgs/include/create_msgs/create_msgs/msg
[0.959s] -- Up-to-date: /home/juand/create_ws/install/create_msgs/include/create_msgs/create_msgs/msg/rosidl_typesupport_fastrtps_c__visibility_control.h
[0.959s] -- Up-to-date: /home/juand/create_ws/install/create_msgs/include/create_msgs/create_msgs/msg/detail
[0.959s] -- Up-to-date: /home/juand/create_ws/install/create_msgs/include/create_msgs/create_msgs/msg/detail/play_song__rosidl_typesupport_fastrtps_c.h
[0.960s] -- Up-to-date: /home/juand/create_ws/install/create_msgs/include/create_msgs/create_msgs/msg/detail/cliff__rosidl_typesupport_fastrtps_c.h
[0.960s] -- Up-to-date: /home/juand/create_ws/install/create_msgs/include/create_msgs/create_msgs/msg/detail/bumper__rosidl_typesupport_fastrtps_c.h
[0.960s] -- Up-to-date: /home/juand/create_ws/install/create_msgs/include/create_msgs/create_msgs/msg/detail/define_song__rosidl_typesupport_fastrtps_c.h
[0.960s] -- Up-to-date: /home/juand/create_ws/install/create_msgs/include/create_msgs/create_msgs/msg/detail/mode__rosidl_typesupport_fastrtps_c.h
[0.960s] -- Up-to-date: /home/juand/create_ws/install/create_msgs/include/create_msgs/create_msgs/msg/detail/motor_setpoint__rosidl_typesupport_fastrtps_c.h
[0.960s] -- Up-to-date: /home/juand/create_ws/install/create_msgs/include/create_msgs/create_msgs/msg/detail/charging_state__rosidl_typesupport_fastrtps_c.h
[0.961s] -- Up-to-date: /home/juand/create_ws/install/create_msgs/lib/libcreate_msgs__rosidl_typesupport_fastrtps_c.so
[0.961s] -- Up-to-date: /home/juand/create_ws/install/create_msgs/include/create_msgs/create_msgs
[0.961s] -- Up-to-date: /home/juand/create_ws/install/create_msgs/include/create_msgs/create_msgs/msg
[0.961s] -- Up-to-date: /home/juand/create_ws/install/create_msgs/include/create_msgs/create_msgs/msg/rosidl_typesupport_introspection_c__visibility_control.h
[0.961s] -- Up-to-date: /home/juand/create_ws/install/create_msgs/include/create_msgs/create_msgs/msg/detail
[0.961s] -- Up-to-date: /home/juand/create_ws/install/create_msgs/include/create_msgs/create_msgs/msg/detail/mode__rosidl_typesupport_introspection_c.h
[0.961s] -- Up-to-date: /home/juand/create_ws/install/create_msgs/include/create_msgs/create_msgs/msg/detail/play_song__type_support.c
[0.962s] -- Up-to-date: /home/juand/create_ws/install/create_msgs/include/create_msgs/create_msgs/msg/detail/mode__type_support.c
[0.962s] -- Up-to-date: /home/juand/create_ws/install/create_msgs/include/create_msgs/create_msgs/msg/detail/charging_state__type_support.c
[0.962s] -- Up-to-date: /home/juand/create_ws/install/create_msgs/include/create_msgs/create_msgs/msg/detail/define_song__rosidl_typesupport_introspection_c.h
[0.962s] -- Up-to-date: /home/juand/create_ws/install/create_msgs/include/create_msgs/create_msgs/msg/detail/play_song__rosidl_typesupport_introspection_c.h
[0.962s] -- Up-to-date: /home/juand/create_ws/install/create_msgs/include/create_msgs/create_msgs/msg/detail/define_song__type_support.c
[0.962s] -- Up-to-date: /home/juand/create_ws/install/create_msgs/include/create_msgs/create_msgs/msg/detail/cliff__rosidl_typesupport_introspection_c.h
[0.963s] -- Up-to-date: /home/juand/create_ws/install/create_msgs/include/create_msgs/create_msgs/msg/detail/charging_state__rosidl_typesupport_introspection_c.h
[0.963s] -- Up-to-date: /home/juand/create_ws/install/create_msgs/include/create_msgs/create_msgs/msg/detail/motor_setpoint__type_support.c
[0.963s] -- Up-to-date: /home/juand/create_ws/install/create_msgs/include/create_msgs/create_msgs/msg/detail/cliff__type_support.c
[0.963s] -- Up-to-date: /home/juand/create_ws/install/create_msgs/include/create_msgs/create_msgs/msg/detail/motor_setpoint__rosidl_typesupport_introspection_c.h
[0.963s] -- Up-to-date: /home/juand/create_ws/install/create_msgs/include/create_msgs/create_msgs/msg/detail/bumper__type_support.c
[0.964s] -- Up-to-date: /home/juand/create_ws/install/create_msgs/include/create_msgs/create_msgs/msg/detail/bumper__rosidl_typesupport_introspection_c.h
[0.964s] -- Up-to-date: /home/juand/create_ws/install/create_msgs/lib/libcreate_msgs__rosidl_typesupport_introspection_c.so
[0.964s] -- Up-to-date: /home/juand/create_ws/install/create_msgs/lib/libcreate_msgs__rosidl_typesupport_c.so
[0.964s] -- Up-to-date: /home/juand/create_ws/install/create_msgs/include/create_msgs/create_msgs
[0.964s] -- Up-to-date: /home/juand/create_ws/install/create_msgs/include/create_msgs/create_msgs/msg
[0.964s] -- Up-to-date: /home/juand/create_ws/install/create_msgs/include/create_msgs/create_msgs/msg/motor_setpoint.hpp
[0.965s] -- Up-to-date: /home/juand/create_ws/install/create_msgs/include/create_msgs/create_msgs/msg/bumper.hpp
[0.965s] -- Up-to-date: /home/juand/create_ws/install/create_msgs/include/create_msgs/create_msgs/msg/cliff.hpp
[0.965s] -- Up-to-date: /home/juand/create_ws/install/create_msgs/include/create_msgs/create_msgs/msg/define_song.hpp
[0.965s] -- Up-to-date: /home/juand/create_ws/install/create_msgs/include/create_msgs/create_msgs/msg/rosidl_generator_cpp__visibility_control.hpp
[0.965s] -- Up-to-date: /home/juand/create_ws/install/create_msgs/include/create_msgs/create_msgs/msg/play_song.hpp
[0.965s] -- Up-to-date: /home/juand/create_ws/install/create_msgs/include/create_msgs/create_msgs/msg/detail
[0.966s] -- Up-to-date: /home/juand/create_ws/install/create_msgs/include/create_msgs/create_msgs/msg/detail/bumper__builder.hpp
[0.966s] -- Up-to-date: /home/juand/create_ws/install/create_msgs/include/create_msgs/create_msgs/msg/detail/motor_setpoint__struct.hpp
[0.966s] -- Up-to-date: /home/juand/create_ws/install/create_msgs/include/create_msgs/create_msgs/msg/detail/motor_setpoint__traits.hpp
[0.966s] -- Up-to-date: /home/juand/create_ws/install/create_msgs/include/create_msgs/create_msgs/msg/detail/cliff__builder.hpp
[0.966s] -- Up-to-date: /home/juand/create_ws/install/create_msgs/include/create_msgs/create_msgs/msg/detail/play_song__struct.hpp
[0.966s] -- Up-to-date: /home/juand/create_ws/install/create_msgs/include/create_msgs/create_msgs/msg/detail/mode__traits.hpp
[0.966s] -- Up-to-date: /home/juand/create_ws/install/create_msgs/include/create_msgs/create_msgs/msg/detail/define_song__type_support.hpp
[0.967s] -- Up-to-date: /home/juand/create_ws/install/create_msgs/include/create_msgs/create_msgs/msg/detail/cliff__struct.hpp
[0.967s] -- Up-to-date: /home/juand/create_ws/install/create_msgs/include/create_msgs/create_msgs/msg/detail/mode__builder.hpp
[0.967s] -- Up-to-date: /home/juand/create_ws/install/create_msgs/include/create_msgs/create_msgs/msg/detail/mode__struct.hpp
[0.967s] -- Up-to-date: /home/juand/create_ws/install/create_msgs/include/create_msgs/create_msgs/msg/detail/define_song__traits.hpp
[0.967s] -- Up-to-date: /home/juand/create_ws/install/create_msgs/include/create_msgs/create_msgs/msg/detail/charging_state__traits.hpp
[0.967s] -- Up-to-date: /home/juand/create_ws/install/create_msgs/include/create_msgs/create_msgs/msg/detail/define_song__builder.hpp
[0.968s] -- Up-to-date: /home/juand/create_ws/install/create_msgs/include/create_msgs/create_msgs/msg/detail/motor_setpoint__type_support.hpp
[0.968s] -- Up-to-date: /home/juand/create_ws/install/create_msgs/include/create_msgs/create_msgs/msg/detail/motor_setpoint__builder.hpp
[0.968s] -- Up-to-date: /home/juand/create_ws/install/create_msgs/include/create_msgs/create_msgs/msg/detail/play_song__type_support.hpp
[0.968s] -- Up-to-date: /home/juand/create_ws/install/create_msgs/include/create_msgs/create_msgs/msg/detail/mode__type_support.hpp
[0.968s] -- Up-to-date: /home/juand/create_ws/install/create_msgs/include/create_msgs/create_msgs/msg/detail/play_song__traits.hpp
[0.968s] -- Up-to-date: /home/juand/create_ws/install/create_msgs/include/create_msgs/create_msgs/msg/detail/charging_state__type_support.hpp
[0.968s] -- Up-to-date: /home/juand/create_ws/install/create_msgs/include/create_msgs/create_msgs/msg/detail/bumper__traits.hpp
[0.969s] -- Up-to-date: /home/juand/create_ws/install/create_msgs/include/create_msgs/create_msgs/msg/detail/define_song__struct.hpp
[0.969s] -- Up-to-date: /home/juand/create_ws/install/create_msgs/include/create_msgs/create_msgs/msg/detail/bumper__struct.hpp
[0.969s] -- Up-to-date: /home/juand/create_ws/install/create_msgs/include/create_msgs/create_msgs/msg/detail/cliff__traits.hpp
[0.969s] -- Up-to-date: /home/juand/create_ws/install/create_msgs/include/create_msgs/create_msgs/msg/detail/cliff__type_support.hpp
[0.969s] -- Up-to-date: /home/juand/create_ws/install/create_msgs/include/create_msgs/create_msgs/msg/detail/play_song__builder.hpp
[0.969s] -- Up-to-date: /home/juand/create_ws/install/create_msgs/include/create_msgs/create_msgs/msg/detail/charging_state__struct.hpp
[0.969s] -- Up-to-date: /home/juand/create_ws/install/create_msgs/include/create_msgs/create_msgs/msg/detail/bumper__type_support.hpp
[0.970s] -- Up-to-date: /home/juand/create_ws/install/create_msgs/include/create_msgs/create_msgs/msg/detail/charging_state__builder.hpp
[0.970s] -- Up-to-date: /home/juand/create_ws/install/create_msgs/include/create_msgs/create_msgs/msg/mode.hpp
[0.970s] -- Up-to-date: /home/juand/create_ws/install/create_msgs/include/create_msgs/create_msgs/msg/charging_state.hpp
[0.970s] -- Up-to-date: /home/juand/create_ws/install/create_msgs/include/create_msgs/create_msgs
[0.970s] -- Up-to-date: /home/juand/create_ws/install/create_msgs/include/create_msgs/create_msgs/msg
[0.970s] -- Up-to-date: /home/juand/create_ws/install/create_msgs/include/create_msgs/create_msgs/msg/rosidl_typesupport_fastrtps_cpp__visibility_control.h
[0.970s] -- Up-to-date: /home/juand/create_ws/install/create_msgs/include/create_msgs/create_msgs/msg/detail
[0.970s] -- Up-to-date: /home/juand/create_ws/install/create_msgs/include/create_msgs/create_msgs/msg/detail/mode__rosidl_typesupport_fastrtps_cpp.hpp
[0.971s] -- Up-to-date: /home/juand/create_ws/install/create_msgs/include/create_msgs/create_msgs/msg/detail/charging_state__rosidl_typesupport_fastrtps_cpp.hpp
[0.971s] -- Up-to-date: /home/juand/create_ws/install/create_msgs/include/create_msgs/create_msgs/msg/detail/play_song__rosidl_typesupport_fastrtps_cpp.hpp
[0.971s] -- Up-to-date: /home/juand/create_ws/install/create_msgs/include/create_msgs/create_msgs/msg/detail/motor_setpoint__rosidl_typesupport_fastrtps_cpp.hpp
[0.971s] -- Up-to-date: /home/juand/create_ws/install/create_msgs/include/create_msgs/create_msgs/msg/detail/bumper__rosidl_typesupport_fastrtps_cpp.hpp
[0.971s] -- Up-to-date: /home/juand/create_ws/install/create_msgs/include/create_msgs/create_msgs/msg/detail/define_song__rosidl_typesupport_fastrtps_cpp.hpp
[0.971s] -- Up-to-date: /home/juand/create_ws/install/create_msgs/include/create_msgs/create_msgs/msg/detail/cliff__rosidl_typesupport_fastrtps_cpp.hpp
[0.971s] -- Up-to-date: /home/juand/create_ws/install/create_msgs/include/create_msgs/create_msgs/msg/detail/dds_fastrtps
[0.971s] -- Up-to-date: /home/juand/create_ws/install/create_msgs/lib/libcreate_msgs__rosidl_typesupport_fastrtps_cpp.so
[0.972s] -- Up-to-date: /home/juand/create_ws/install/create_msgs/include/create_msgs/create_msgs
[0.972s] -- Up-to-date: /home/juand/create_ws/install/create_msgs/include/create_msgs/create_msgs/msg
[0.972s] -- Up-to-date: /home/juand/create_ws/install/create_msgs/include/create_msgs/create_msgs/msg/detail
[0.972s] -- Up-to-date: /home/juand/create_ws/install/create_msgs/include/create_msgs/create_msgs/msg/detail/mode__type_support.cpp
[0.972s] -- Up-to-date: /home/juand/create_ws/install/create_msgs/include/create_msgs/create_msgs/msg/detail/motor_setpoint__type_support.cpp
[0.972s] -- Up-to-date: /home/juand/create_ws/install/create_msgs/include/create_msgs/create_msgs/msg/detail/define_song__rosidl_typesupport_introspection_cpp.hpp
[0.972s] -- Up-to-date: /home/juand/create_ws/install/create_msgs/include/create_msgs/create_msgs/msg/detail/play_song__type_support.cpp
[0.972s] -- Up-to-date: /home/juand/create_ws/install/create_msgs/include/create_msgs/create_msgs/msg/detail/cliff__type_support.cpp
[0.973s] -- Up-to-date: /home/juand/create_ws/install/create_msgs/include/create_msgs/create_msgs/msg/detail/play_song__rosidl_typesupport_introspection_cpp.hpp
[0.973s] -- Up-to-date: /home/juand/create_ws/install/create_msgs/include/create_msgs/create_msgs/msg/detail/motor_setpoint__rosidl_typesupport_introspection_cpp.hpp
[0.973s] -- Up-to-date: /home/juand/create_ws/install/create_msgs/include/create_msgs/create_msgs/msg/detail/bumper__rosidl_typesupport_introspection_cpp.hpp
[0.973s] -- Up-to-date: /home/juand/create_ws/install/create_msgs/include/create_msgs/create_msgs/msg/detail/cliff__rosidl_typesupport_introspection_cpp.hpp
[0.973s] -- Up-to-date: /home/juand/create_ws/install/create_msgs/include/create_msgs/create_msgs/msg/detail/charging_state__type_support.cpp
[0.973s] -- Up-to-date: /home/juand/create_ws/install/create_msgs/include/create_msgs/create_msgs/msg/detail/charging_state__rosidl_typesupport_introspection_cpp.hpp
[0.973s] -- Up-to-date: /home/juand/create_ws/install/create_msgs/include/create_msgs/create_msgs/msg/detail/define_song__type_support.cpp
[0.973s] -- Up-to-date: /home/juand/create_ws/install/create_msgs/include/create_msgs/create_msgs/msg/detail/mode__rosidl_typesupport_introspection_cpp.hpp
[0.974s] -- Up-to-date: /home/juand/create_ws/install/create_msgs/include/create_msgs/create_msgs/msg/detail/bumper__type_support.cpp
[0.974s] -- Up-to-date: /home/juand/create_ws/install/create_msgs/lib/libcreate_msgs__rosidl_typesupport_introspection_cpp.so
[0.974s] -- Up-to-date: /home/juand/create_ws/install/create_msgs/lib/libcreate_msgs__rosidl_typesupport_cpp.so
[0.974s] -- Up-to-date: /home/juand/create_ws/install/create_msgs/share/create_msgs/environment/pythonpath.sh
[0.974s] -- Up-to-date: /home/juand/create_ws/install/create_msgs/share/create_msgs/environment/pythonpath.dsv
[0.974s] -- Up-to-date: /home/juand/create_ws/install/create_msgs/local/lib/python3.10/dist-packages/create_msgs-3.1.0-py3.10.egg-info
[0.975s] -- Installing: /home/juand/create_ws/install/create_msgs/local/lib/python3.10/dist-packages/create_msgs-3.1.0-py3.10.egg-info/SOURCES.txt
[0.975s] -- Installing: /home/juand/create_ws/install/create_msgs/local/lib/python3.10/dist-packages/create_msgs-3.1.0-py3.10.egg-info/dependency_links.txt
[0.975s] -- Installing: /home/juand/create_ws/install/create_msgs/local/lib/python3.10/dist-packages/create_msgs-3.1.0-py3.10.egg-info/top_level.txt
[0.975s] -- Installing: /home/juand/create_ws/install/create_msgs/local/lib/python3.10/dist-packages/create_msgs-3.1.0-py3.10.egg-info/PKG-INFO
[0.975s] -- Up-to-date: /home/juand/create_ws/install/create_msgs/local/lib/python3.10/dist-packages/create_msgs
[0.975s] -- Up-to-date: /home/juand/create_ws/install/create_msgs/local/lib/python3.10/dist-packages/create_msgs/msg
[0.975s] -- Up-to-date: /home/juand/create_ws/install/create_msgs/local/lib/python3.10/dist-packages/create_msgs/msg/_charging_state_s.c
[0.975s] -- Up-to-date: /home/juand/create_ws/install/create_msgs/local/lib/python3.10/dist-packages/create_msgs/msg/_motor_setpoint.py
[0.976s] -- Up-to-date: /home/juand/create_ws/install/create_msgs/local/lib/python3.10/dist-packages/create_msgs/msg/_cliff_s.c
[0.976s] -- Up-to-date: /home/juand/create_ws/install/create_msgs/local/lib/python3.10/dist-packages/create_msgs/msg/_bumper.py
[0.976s] -- Up-to-date: /home/juand/create_ws/install/create_msgs/local/lib/python3.10/dist-packages/create_msgs/msg/_cliff.py
[0.976s] -- Up-to-date: /home/juand/create_ws/install/create_msgs/local/lib/python3.10/dist-packages/create_msgs/msg/_charging_state.py
[0.976s] -- Up-to-date: /home/juand/create_ws/install/create_msgs/local/lib/python3.10/dist-packages/create_msgs/msg/__init__.py
[0.976s] -- Up-to-date: /home/juand/create_ws/install/create_msgs/local/lib/python3.10/dist-packages/create_msgs/msg/_bumper_s.c
[0.976s] -- Up-to-date: /home/juand/create_ws/install/create_msgs/local/lib/python3.10/dist-packages/create_msgs/msg/_define_song.py
[0.977s] -- Up-to-date: /home/juand/create_ws/install/create_msgs/local/lib/python3.10/dist-packages/create_msgs/msg/_mode.py
[0.977s] -- Up-to-date: /home/juand/create_ws/install/create_msgs/local/lib/python3.10/dist-packages/create_msgs/msg/_play_song.py
[0.977s] -- Up-to-date: /home/juand/create_ws/install/create_msgs/local/lib/python3.10/dist-packages/create_msgs/msg/_motor_setpoint_s.c
[0.977s] -- Up-to-date: /home/juand/create_ws/install/create_msgs/local/lib/python3.10/dist-packages/create_msgs/msg/_define_song_s.c
[0.977s] -- Up-to-date: /home/juand/create_ws/install/create_msgs/local/lib/python3.10/dist-packages/create_msgs/msg/_play_song_s.c
[0.977s] -- Up-to-date: /home/juand/create_ws/install/create_msgs/local/lib/python3.10/dist-packages/create_msgs/msg/_mode_s.c
[0.977s] -- Up-to-date: /home/juand/create_ws/install/create_msgs/local/lib/python3.10/dist-packages/create_msgs/create_msgs_s__rosidl_typesupport_c.cpython-310-x86_64-linux-gnu.so
[0.977s] -- Up-to-date: /home/juand/create_ws/install/create_msgs/local/lib/python3.10/dist-packages/create_msgs/_create_msgs_s.ep.rosidl_typesupport_fastrtps_c.c
[0.978s] -- Up-to-date: /home/juand/create_ws/install/create_msgs/local/lib/python3.10/dist-packages/create_msgs/create_msgs_s__rosidl_typesupport_introspection_c.cpython-310-x86_64-linux-gnu.so
[0.978s] -- Up-to-date: /home/juand/create_ws/install/create_msgs/local/lib/python3.10/dist-packages/create_msgs/libcreate_msgs__rosidl_generator_py.so
[0.978s] -- Up-to-date: /home/juand/create_ws/install/create_msgs/local/lib/python3.10/dist-packages/create_msgs/__init__.py
[0.978s] -- Up-to-date: /home/juand/create_ws/install/create_msgs/local/lib/python3.10/dist-packages/create_msgs/_create_msgs_s.ep.rosidl_typesupport_introspection_c.c
[0.978s] -- Up-to-date: /home/juand/create_ws/install/create_msgs/local/lib/python3.10/dist-packages/create_msgs/_create_msgs_s.ep.rosidl_typesupport_c.c
[0.978s] -- Up-to-date: /home/juand/create_ws/install/create_msgs/local/lib/python3.10/dist-packages/create_msgs/create_msgs_s__rosidl_typesupport_fastrtps_c.cpython-310-x86_64-linux-gnu.so
[1.019s] Listing '/home/juand/create_ws/install/create_msgs/local/lib/python3.10/dist-packages/create_msgs'...
[1.020s] Listing '/home/juand/create_ws/install/create_msgs/local/lib/python3.10/dist-packages/create_msgs/msg'...
[1.026s] -- Up-to-date: /home/juand/create_ws/install/create_msgs/local/lib/python3.10/dist-packages/create_msgs/create_msgs_s__rosidl_typesupport_fastrtps_c.cpython-310-x86_64-linux-gnu.so
[1.026s] -- Up-to-date: /home/juand/create_ws/install/create_msgs/local/lib/python3.10/dist-packages/create_msgs/create_msgs_s__rosidl_typesupport_introspection_c.cpython-310-x86_64-linux-gnu.so
[1.027s] -- Up-to-date: /home/juand/create_ws/install/create_msgs/local/lib/python3.10/dist-packages/create_msgs/create_msgs_s__rosidl_typesupport_c.cpython-310-x86_64-linux-gnu.so
[1.028s] -- Up-to-date: /home/juand/create_ws/install/create_msgs/lib/libcreate_msgs__rosidl_generator_py.so
[1.028s] -- Up-to-date: /home/juand/create_ws/install/create_msgs/share/create_msgs/msg/Bumper.idl
[1.029s] -- Up-to-date: /home/juand/create_ws/install/create_msgs/share/create_msgs/msg/ChargingState.idl
[1.029s] -- Up-to-date: /home/juand/create_ws/install/create_msgs/share/create_msgs/msg/DefineSong.idl
[1.030s] -- Up-to-date: /home/juand/create_ws/install/create_msgs/share/create_msgs/msg/Mode.idl
[1.030s] -- Up-to-date: /home/juand/create_ws/install/create_msgs/share/create_msgs/msg/PlaySong.idl
[1.030s] -- Up-to-date: /home/juand/create_ws/install/create_msgs/share/create_msgs/msg/MotorSetpoint.idl
[1.030s] -- Up-to-date: /home/juand/create_ws/install/create_msgs/share/create_msgs/msg/Cliff.idl
[1.031s] -- Up-to-date: /home/juand/create_ws/install/create_msgs/share/create_msgs/msg/Bumper.msg
[1.031s] -- Up-to-date: /home/juand/create_ws/install/create_msgs/share/create_msgs/msg/ChargingState.msg
[1.031s] -- Up-to-date: /home/juand/create_ws/install/create_msgs/share/create_msgs/msg/DefineSong.msg
[1.031s] -- Up-to-date: /home/juand/create_ws/install/create_msgs/share/create_msgs/msg/Mode.msg
[1.031s] -- Up-to-date: /home/juand/create_ws/install/create_msgs/share/create_msgs/msg/PlaySong.msg
[1.032s] -- Up-to-date: /home/juand/create_ws/install/create_msgs/share/create_msgs/msg/MotorSetpoint.msg
[1.032s] -- Up-to-date: /home/juand/create_ws/install/create_msgs/share/create_msgs/msg/Cliff.msg
[1.032s] -- Up-to-date: /home/juand/create_ws/install/create_msgs/share/ament_index/resource_index/package_run_dependencies/create_msgs
[1.032s] -- Up-to-date: /home/juand/create_ws/install/create_msgs/share/ament_index/resource_index/parent_prefix_path/create_msgs
[1.033s] -- Up-to-date: /home/juand/create_ws/install/create_msgs/share/create_msgs/environment/ament_prefix_path.sh
[1.033s] -- Up-to-date: /home/juand/create_ws/install/create_msgs/share/create_msgs/environment/ament_prefix_path.dsv
[1.033s] -- Up-to-date: /home/juand/create_ws/install/create_msgs/share/create_msgs/environment/path.sh
[1.033s] -- Up-to-date: /home/juand/create_ws/install/create_msgs/share/create_msgs/environment/path.dsv
[1.034s] -- Up-to-date: /home/juand/create_ws/install/create_msgs/share/create_msgs/local_setup.bash
[1.034s] -- Up-to-date: /home/juand/create_ws/install/create_msgs/share/create_msgs/local_setup.sh
[1.034s] -- Up-to-date: /home/juand/create_ws/install/create_msgs/share/create_msgs/local_setup.zsh
[1.035s] -- Up-to-date: /home/juand/create_ws/install/create_msgs/share/create_msgs/local_setup.dsv
[1.035s] -- Installing: /home/juand/create_ws/install/create_msgs/share/create_msgs/package.dsv
[1.036s] -- Up-to-date: /home/juand/create_ws/install/create_msgs/share/ament_index/resource_index/packages/create_msgs
[1.036s] -- Up-to-date: /home/juand/create_ws/install/create_msgs/share/create_msgs/cmake/export_create_msgs__rosidl_generator_cExport.cmake
[1.036s] -- Up-to-date: /home/juand/create_ws/install/create_msgs/share/create_msgs/cmake/export_create_msgs__rosidl_generator_cExport-noconfig.cmake
[1.038s] -- Up-to-date: /home/juand/create_ws/install/create_msgs/share/create_msgs/cmake/export_create_msgs__rosidl_typesupport_fastrtps_cExport.cmake
[1.038s] -- Up-to-date: /home/juand/create_ws/install/create_msgs/share/create_msgs/cmake/export_create_msgs__rosidl_typesupport_fastrtps_cExport-noconfig.cmake
[1.038s] -- Up-to-date: /home/juand/create_ws/install/create_msgs/share/create_msgs/cmake/create_msgs__rosidl_typesupport_introspection_cExport.cmake
[1.038s] -- Up-to-date: /home/juand/create_ws/install/create_msgs/share/create_msgs/cmake/create_msgs__rosidl_typesupport_introspection_cExport-noconfig.cmake
[1.039s] -- Up-to-date: /home/juand/create_ws/install/create_msgs/share/create_msgs/cmake/create_msgs__rosidl_typesupport_cExport.cmake
[1.039s] -- Up-to-date: /home/juand/create_ws/install/create_msgs/share/create_msgs/cmake/create_msgs__rosidl_typesupport_cExport-noconfig.cmake
[1.039s] -- Up-to-date: /home/juand/create_ws/install/create_msgs/share/create_msgs/cmake/export_create_msgs__rosidl_generator_cppExport.cmake
[1.039s] -- Up-to-date: /home/juand/create_ws/install/create_msgs/share/create_msgs/cmake/export_create_msgs__rosidl_typesupport_fastrtps_cppExport.cmake
[1.039s] -- Up-to-date: /home/juand/create_ws/install/create_msgs/share/create_msgs/cmake/export_create_msgs__rosidl_typesupport_fastrtps_cppExport-noconfig.cmake
[1.045s] -- Up-to-date: /home/juand/create_ws/install/create_msgs/share/create_msgs/cmake/create_msgs__rosidl_typesupport_introspection_cppExport.cmake
[1.045s] -- Up-to-date: /home/juand/create_ws/install/create_msgs/share/create_msgs/cmake/create_msgs__rosidl_typesupport_introspection_cppExport-noconfig.cmake
[1.045s] -- Up-to-date: /home/juand/create_ws/install/create_msgs/share/create_msgs/cmake/create_msgs__rosidl_typesupport_cppExport.cmake
[1.046s] -- Up-to-date: /home/juand/create_ws/install/create_msgs/share/create_msgs/cmake/create_msgs__rosidl_typesupport_cppExport-noconfig.cmake
[1.046s] -- Up-to-date: /home/juand/create_ws/install/create_msgs/share/create_msgs/cmake/export_create_msgs__rosidl_generator_pyExport.cmake
[1.046s] -- Up-to-date: /home/juand/create_ws/install/create_msgs/share/create_msgs/cmake/export_create_msgs__rosidl_generator_pyExport-noconfig.cmake
[1.047s] -- Up-to-date: /home/juand/create_ws/install/create_msgs/share/create_msgs/cmake/rosidl_cmake-extras.cmake
[1.047s] -- Up-to-date: /home/juand/create_ws/install/create_msgs/share/create_msgs/cmake/ament_cmake_export_dependencies-extras.cmake
[1.047s] -- Up-to-date: /home/juand/create_ws/install/create_msgs/share/create_msgs/cmake/ament_cmake_export_include_directories-extras.cmake
[1.048s] -- Up-to-date: /home/juand/create_ws/install/create_msgs/share/create_msgs/cmake/ament_cmake_export_libraries-extras.cmake
[1.048s] -- Up-to-date: /home/juand/create_ws/install/create_msgs/share/create_msgs/cmake/ament_cmake_export_targets-extras.cmake
[1.048s] -- Up-to-date: /home/juand/create_ws/install/create_msgs/share/create_msgs/cmake/rosidl_cmake_export_typesupport_targets-extras.cmake
[1.048s] -- Up-to-date: /home/juand/create_ws/install/create_msgs/share/create_msgs/cmake/rosidl_cmake_export_typesupport_libraries-extras.cmake
[1.049s] -- Up-to-date: /home/juand/create_ws/install/create_msgs/share/create_msgs/cmake/create_msgsConfig.cmake
[1.049s] -- Up-to-date: /home/juand/create_ws/install/create_msgs/share/create_msgs/cmake/create_msgsConfig-version.cmake
[1.049s] -- Up-to-date: /home/juand/create_ws/install/create_msgs/share/create_msgs/package.xml
[1.063s] Invoked command in '/home/juand/create_ws/build/create_msgs' returned '0': CMAKE_PREFIX_PATH=${CMAKE_PREFIX_PATH}:/home/juand/turtlebot3_ws/install/turtlebot_itm:/home/juand/turtlebot3_ws/install/turtlebot3_teleop:/home/juand/turtlebot3_ws/install/turtlebot3_example:/home/juand/turtlebot3_ws/install/turtlebot3_autorace:/home/juand/turtlebot3_ws/install/turtlebot3_autorace_mission:/home/juand/turtlebot3_ws/install/turtlebot3_autorace_detect:/home/juand/turtlebot3_ws/install/turtlebot3_autorace_camera:/home/juand/create_ws/install/modelo_create:/opt/ros/humble /usr/bin/cmake --install /home/juand/create_ws/build/create_msgs
