[0.022s] Invoking command in '/home/juand/create_ws/build/rplidar_ros': CMAKE_PREFIX_PATH=${CMAKE_PREFIX_PATH}:/home/juand/turtlebot3_ws/install/turtlebot_itm:/home/juand/turtlebot3_ws/install/turtlebot3_teleop:/home/juand/turtlebot3_ws/install/turtlebot3_example:/home/juand/turtlebot3_ws/install/turtlebot3_autorace:/home/juand/turtlebot3_ws/install/turtlebot3_autorace_mission:/home/juand/turtlebot3_ws/install/turtlebot3_autorace_detect:/home/juand/turtlebot3_ws/install/turtlebot3_autorace_camera:/home/juand/create_ws/install/modelo_create:/opt/ros/humble /usr/bin/cmake --build /home/juand/create_ws/build/rplidar_ros -- -j4 -l4
[0.146s] [ 77%] Built target rplidar_composition_node
[0.192s] [100%] Built target rplidar_composition
[0.211s] Invoked command in '/home/juand/create_ws/build/rplidar_ros' returned '0': CMAKE_PREFIX_PATH=${CMAKE_PREFIX_PATH}:/home/juand/turtlebot3_ws/install/turtlebot_itm:/home/juand/turtlebot3_ws/install/turtlebot3_teleop:/home/juand/turtlebot3_ws/install/turtlebot3_example:/home/juand/turtlebot3_ws/install/turtlebot3_autorace:/home/juand/turtlebot3_ws/install/turtlebot3_autorace_mission:/home/juand/turtlebot3_ws/install/turtlebot3_autorace_detect:/home/juand/turtlebot3_ws/install/turtlebot3_autorace_camera:/home/juand/create_ws/install/modelo_create:/opt/ros/humble /usr/bin/cmake --build /home/juand/create_ws/build/rplidar_ros -- -j4 -l4
[0.214s] Invoking command in '/home/juand/create_ws/build/rplidar_ros': CMAKE_PREFIX_PATH=${CMAKE_PREFIX_PATH}:/home/juand/turtlebot3_ws/install/turtlebot_itm:/home/juand/turtlebot3_ws/install/turtlebot3_teleop:/home/juand/turtlebot3_ws/install/turtlebot3_example:/home/juand/turtlebot3_ws/install/turtlebot3_autorace:/home/juand/turtlebot3_ws/install/turtlebot3_autorace_mission:/home/juand/turtlebot3_ws/install/turtlebot3_autorace_detect:/home/juand/turtlebot3_ws/install/turtlebot3_autorace_camera:/home/juand/create_ws/install/modelo_create:/opt/ros/humble /usr/bin/cmake --install /home/juand/create_ws/build/rplidar_ros
[0.227s] -- Install configuration: ""
[0.231s] -- Up-to-date: /home/juand/create_ws/install/rplidar_ros/lib/rplidar_ros/rplidar_composition
[0.231s] -- Up-to-date: /home/juand/create_ws/install/rplidar_ros/share/rplidar_ros/launch
[0.231s] -- Up-to-date: /home/juand/create_ws/install/rplidar_ros/share/rplidar_ros/launch/view_rplidar.launch.py
[0.231s] -- Up-to-date: /home/juand/create_ws/install/rplidar_ros/share/rplidar_ros/launch/rplidar_a3.launch.py
[0.232s] -- Up-to-date: /home/juand/create_ws/install/rplidar_ros/share/rplidar_ros/launch/view_rplidar_s1.launch.py
[0.232s] -- Up-to-date: /home/juand/create_ws/install/rplidar_ros/share/rplidar_ros/launch/rplidar_s1_tcp.launch.py
[0.233s] -- Up-to-date: /home/juand/create_ws/install/rplidar_ros/share/rplidar_ros/launch/rplidar_s1.launch.py
[0.234s] -- Up-to-date: /home/juand/create_ws/install/rplidar_ros/share/rplidar_ros/launch/rplidar.launch.py
[0.234s] -- Up-to-date: /home/juand/create_ws/install/rplidar_ros/share/rplidar_ros/launch/view_rplidar_a3.launch.py
[0.234s] -- Up-to-date: /home/juand/create_ws/install/rplidar_ros/share/rplidar_ros/launch/test_rplidar_a3.launch.py
[0.234s] -- Up-to-date: /home/juand/create_ws/install/rplidar_ros/share/rplidar_ros/launch/view_rplidar_s1_tcp.launch.py
[0.235s] -- Up-to-date: /home/juand/create_ws/install/rplidar_ros/share/rplidar_ros/rviz
[0.235s] -- Up-to-date: /home/juand/create_ws/install/rplidar_ros/share/rplidar_ros/rviz/rplidar.rviz
[0.235s] -- Up-to-date: /home/juand/create_ws/install/rplidar_ros/lib/librplidar_composition_node.so
[0.236s] -- Up-to-date: /home/juand/create_ws/install/rplidar_ros/include
[0.236s] -- Up-to-date: /home/juand/create_ws/install/rplidar_ros/include/visibility.h
[0.236s] -- Up-to-date: /home/juand/create_ws/install/rplidar_ros/include/rplidar_node.hpp
[0.237s] -- Up-to-date: /home/juand/create_ws/install/rplidar_ros/lib/rplidar_ros/rplidar_composition
[0.238s] -- Up-to-date: /home/juand/create_ws/install/rplidar_ros/share/ament_index/resource_index/package_run_dependencies/rplidar_ros
[0.239s] -- Up-to-date: /home/juand/create_ws/install/rplidar_ros/share/ament_index/resource_index/parent_prefix_path/rplidar_ros
[0.240s] -- Up-to-date: /home/juand/create_ws/install/rplidar_ros/share/rplidar_ros/environment/ament_prefix_path.sh
[0.240s] -- Up-to-date: /home/juand/create_ws/install/rplidar_ros/share/rplidar_ros/environment/ament_prefix_path.dsv
[0.240s] -- Up-to-date: /home/juand/create_ws/install/rplidar_ros/share/rplidar_ros/environment/path.sh
[0.241s] -- Up-to-date: /home/juand/create_ws/install/rplidar_ros/share/rplidar_ros/environment/path.dsv
[0.241s] -- Up-to-date: /home/juand/create_ws/install/rplidar_ros/share/rplidar_ros/local_setup.bash
[0.241s] -- Up-to-date: /home/juand/create_ws/install/rplidar_ros/share/rplidar_ros/local_setup.sh
[0.241s] -- Up-to-date: /home/juand/create_ws/install/rplidar_ros/share/rplidar_ros/local_setup.zsh
[0.241s] -- Up-to-date: /home/juand/create_ws/install/rplidar_ros/share/rplidar_ros/local_setup.dsv
[0.241s] -- Installing: /home/juand/create_ws/install/rplidar_ros/share/rplidar_ros/package.dsv
[0.242s] -- Up-to-date: /home/juand/create_ws/install/rplidar_ros/share/ament_index/resource_index/packages/rplidar_ros
[0.242s] -- Up-to-date: /home/juand/create_ws/install/rplidar_ros/share/ament_index/resource_index/rclcpp_components/rplidar_ros
[0.242s] -- Up-to-date: /home/juand/create_ws/install/rplidar_ros/share/rplidar_ros/cmake/ament_cmake_export_dependencies-extras.cmake
[0.242s] -- Up-to-date: /home/juand/create_ws/install/rplidar_ros/share/rplidar_ros/cmake/ament_cmake_export_include_directories-extras.cmake
[0.243s] -- Up-to-date: /home/juand/create_ws/install/rplidar_ros/share/rplidar_ros/cmake/rplidar_rosConfig.cmake
[0.243s] -- Up-to-date: /home/juand/create_ws/install/rplidar_ros/share/rplidar_ros/cmake/rplidar_rosConfig-version.cmake
[0.243s] -- Up-to-date: /home/juand/create_ws/install/rplidar_ros/share/rplidar_ros/package.xml
[0.249s] Invoked command in '/home/juand/create_ws/build/rplidar_ros' returned '0': CMAKE_PREFIX_PATH=${CMAKE_PREFIX_PATH}:/home/juand/turtlebot3_ws/install/turtlebot_itm:/home/juand/turtlebot3_ws/install/turtlebot3_teleop:/home/juand/turtlebot3_ws/install/turtlebot3_example:/home/juand/turtlebot3_ws/install/turtlebot3_autorace:/home/juand/turtlebot3_ws/install/turtlebot3_autorace_mission:/home/juand/turtlebot3_ws/install/turtlebot3_autorace_detect:/home/juand/turtlebot3_ws/install/turtlebot3_autorace_camera:/home/juand/create_ws/install/modelo_create:/opt/ros/humble /usr/bin/cmake --install /home/juand/create_ws/build/rplidar_ros
