running egg_info
creating ../../build/modelo_create/modelo_create.egg-info
writing ../../build/modelo_create/modelo_create.egg-info/PKG-INFO
writing dependency_links to ../../build/modelo_create/modelo_create.egg-info/dependency_links.txt
writing entry points to ../../build/modelo_create/modelo_create.egg-info/entry_points.txt
writing requirements to ../../build/modelo_create/modelo_create.egg-info/requires.txt
writing top-level names to ../../build/modelo_create/modelo_create.egg-info/top_level.txt
writing manifest file '../../build/modelo_create/modelo_create.egg-info/SOURCES.txt'
reading manifest file '../../build/modelo_create/modelo_create.egg-info/SOURCES.txt'
writing manifest file '../../build/modelo_create/modelo_create.egg-info/SOURCES.txt'
running build
running build_py
creating /home/juand/create_ws/build/modelo_create/build
creating /home/juand/create_ws/build/modelo_create/build/lib
creating /home/juand/create_ws/build/modelo_create/build/lib/modelo_create
copying modelo_create/teleopkey.py -> /home/juand/create_ws/build/modelo_create/build/lib/modelo_create
copying modelo_create/__init__.py -> /home/juand/create_ws/build/modelo_create/build/lib/modelo_create
running install
running install_lib
creating /home/juand/create_ws/install/modelo_create/lib/python3.10/site-packages/modelo_create
copying /home/juand/create_ws/build/modelo_create/build/lib/modelo_create/teleopkey.py -> /home/juand/create_ws/install/modelo_create/lib/python3.10/site-packages/modelo_create
copying /home/juand/create_ws/build/modelo_create/build/lib/modelo_create/__init__.py -> /home/juand/create_ws/install/modelo_create/lib/python3.10/site-packages/modelo_create
byte-compiling /home/juand/create_ws/install/modelo_create/lib/python3.10/site-packages/modelo_create/teleopkey.py to teleopkey.cpython-310.pyc
byte-compiling /home/juand/create_ws/install/modelo_create/lib/python3.10/site-packages/modelo_create/__init__.py to __init__.cpython-310.pyc
running install_data
creating /home/juand/create_ws/install/modelo_create/share/ament_index
creating /home/juand/create_ws/install/modelo_create/share/ament_index/resource_index
creating /home/juand/create_ws/install/modelo_create/share/ament_index/resource_index/packages
copying resource/modelo_create -> /home/juand/create_ws/install/modelo_create/share/ament_index/resource_index/packages
copying package.xml -> /home/juand/create_ws/install/modelo_create/share/modelo_create
creating /home/juand/create_ws/install/modelo_create/share/modelo_create/urdf
copying urdf/iRobot_iCreate.urdf -> /home/juand/create_ws/install/modelo_create/share/modelo_create/urdf
creating /home/juand/create_ws/install/modelo_create/share/modelo_create/launch
copying launch/display.launch.py -> /home/juand/create_ws/install/modelo_create/share/modelo_create/launch
creating /home/juand/create_ws/install/modelo_create/share/modelo_create/meshes
copying meshes/Llanta_Der_link.STL -> /home/juand/create_ws/install/modelo_create/share/modelo_create/meshes
copying meshes/Llanta_Izq_link.STL -> /home/juand/create_ws/install/modelo_create/share/modelo_create/meshes
copying meshes/base_link.STL -> /home/juand/create_ws/install/modelo_create/share/modelo_create/meshes
running install_egg_info
Copying ../../build/modelo_create/modelo_create.egg-info to /home/juand/create_ws/install/modelo_create/lib/python3.10/site-packages/modelo_create-0.0.0-py3.10.egg-info
running install_scripts
Installing teleopkey script to /home/juand/create_ws/install/modelo_create/lib/modelo_create
writing list of installed files to '/home/juand/create_ws/build/modelo_create/install.log'
