[1.345s] Invoking command in '/home/juand/create_ws/src/modelo_create': PYTHONPATH=/home/juand/create_ws/build/modelo_create/prefix_override:/usr/lib/python3/dist-packages/colcon_core/task/python/colcon_distutils_commands:/home/juand/create_ws/install/modelo_create/lib/python3.10/site-packages:${PYTHONPATH} /usr/bin/python3 -W ignore:setup.py install is deprecated -W ignore:easy_install command is deprecated setup.py egg_info --egg-base ../../build/modelo_create build --build-base /home/juand/create_ws/build/modelo_create/build install --record /home/juand/create_ws/build/modelo_create/install.log --single-version-externally-managed install_data
[1.975s] running egg_info
[1.976s] creating ../../build/modelo_create/modelo_create.egg-info
[1.977s] writing ../../build/modelo_create/modelo_create.egg-info/PKG-INFO
[1.978s] writing dependency_links to ../../build/modelo_create/modelo_create.egg-info/dependency_links.txt
[1.979s] writing entry points to ../../build/modelo_create/modelo_create.egg-info/entry_points.txt
[1.979s] writing requirements to ../../build/modelo_create/modelo_create.egg-info/requires.txt
[1.979s] writing top-level names to ../../build/modelo_create/modelo_create.egg-info/top_level.txt
[1.980s] writing manifest file '../../build/modelo_create/modelo_create.egg-info/SOURCES.txt'
[1.983s] reading manifest file '../../build/modelo_create/modelo_create.egg-info/SOURCES.txt'
[1.988s] writing manifest file '../../build/modelo_create/modelo_create.egg-info/SOURCES.txt'
[1.988s] running build
[1.988s] running build_py
[1.989s] creating /home/juand/create_ws/build/modelo_create/build
[1.989s] creating /home/juand/create_ws/build/modelo_create/build/lib
[1.990s] creating /home/juand/create_ws/build/modelo_create/build/lib/modelo_create
[1.990s] copying modelo_create/teleopkey.py -> /home/juand/create_ws/build/modelo_create/build/lib/modelo_create
[1.994s] copying modelo_create/__init__.py -> /home/juand/create_ws/build/modelo_create/build/lib/modelo_create
[1.994s] running install
[1.994s] running install_lib
[1.997s] creating /home/juand/create_ws/install/modelo_create/lib/python3.10/site-packages/modelo_create
[1.998s] copying /home/juand/create_ws/build/modelo_create/build/lib/modelo_create/teleopkey.py -> /home/juand/create_ws/install/modelo_create/lib/python3.10/site-packages/modelo_create
[1.999s] copying /home/juand/create_ws/build/modelo_create/build/lib/modelo_create/__init__.py -> /home/juand/create_ws/install/modelo_create/lib/python3.10/site-packages/modelo_create
[2.001s] byte-compiling /home/juand/create_ws/install/modelo_create/lib/python3.10/site-packages/modelo_create/teleopkey.py to teleopkey.cpython-310.pyc
[2.005s] byte-compiling /home/juand/create_ws/install/modelo_create/lib/python3.10/site-packages/modelo_create/__init__.py to __init__.cpython-310.pyc
[2.006s] running install_data
[2.007s] creating /home/juand/create_ws/install/modelo_create/share/ament_index
[2.007s] creating /home/juand/create_ws/install/modelo_create/share/ament_index/resource_index
[2.008s] creating /home/juand/create_ws/install/modelo_create/share/ament_index/resource_index/packages
[2.008s] copying resource/modelo_create -> /home/juand/create_ws/install/modelo_create/share/ament_index/resource_index/packages
[2.008s] copying package.xml -> /home/juand/create_ws/install/modelo_create/share/modelo_create
[2.009s] creating /home/juand/create_ws/install/modelo_create/share/modelo_create/urdf
[2.010s] copying urdf/iRobot_iCreate.urdf -> /home/juand/create_ws/install/modelo_create/share/modelo_create/urdf
[2.010s] creating /home/juand/create_ws/install/modelo_create/share/modelo_create/launch
[2.010s] copying launch/display.launch.py -> /home/juand/create_ws/install/modelo_create/share/modelo_create/launch
[2.012s] creating /home/juand/create_ws/install/modelo_create/share/modelo_create/meshes
[2.013s] copying meshes/Llanta_Der_link.STL -> /home/juand/create_ws/install/modelo_create/share/modelo_create/meshes
[2.013s] copying meshes/Llanta_Izq_link.STL -> /home/juand/create_ws/install/modelo_create/share/modelo_create/meshes
[2.013s] copying meshes/base_link.STL -> /home/juand/create_ws/install/modelo_create/share/modelo_create/meshes
[2.017s] running install_egg_info
[2.027s] Copying ../../build/modelo_create/modelo_create.egg-info to /home/juand/create_ws/install/modelo_create/lib/python3.10/site-packages/modelo_create-0.0.0-py3.10.egg-info
[2.029s] running install_scripts
[2.114s] Installing teleopkey script to /home/juand/create_ws/install/modelo_create/lib/modelo_create
[2.115s] writing list of installed files to '/home/juand/create_ws/build/modelo_create/install.log'
[2.203s] Invoked command in '/home/juand/create_ws/src/modelo_create' returned '0': PYTHONPATH=/home/juand/create_ws/build/modelo_create/prefix_override:/usr/lib/python3/dist-packages/colcon_core/task/python/colcon_distutils_commands:/home/juand/create_ws/install/modelo_create/lib/python3.10/site-packages:${PYTHONPATH} /usr/bin/python3 -W ignore:setup.py install is deprecated -W ignore:easy_install command is deprecated setup.py egg_info --egg-base ../../build/modelo_create build --build-base /home/juand/create_ws/build/modelo_create/build install --record /home/juand/create_ws/build/modelo_create/install.log --single-version-externally-managed install_data
